{"C:\\Users\\user\\My Drive\\Documents\\MSC\\Development\\donttouchpurple\\deploy-ready\\App.tsx": {"path":"C:\\Users\\user\\My Drive\\Documents\\MSC\\Development\\donttouchpurple\\deploy-ready\\App.tsx","all":true,"statementMap":{"0":{"start":{"line":1,"column":0},"end":{"line":1,"column":72}},"1":{"start":{"line":2,"column":0},"end":{"line":2,"column":27}},"2":{"start":{"line":3,"column":0},"end":{"line":3,"column":0}},"3":{"start":{"line":4,"column":0},"end":{"line":4,"column":40}},"4":{"start":{"line":5,"column":0},"end":{"line":5,"column":76}},"5":{"start":{"line":6,"column":0},"end":{"line":6,"column":52}},"6":{"start":{"line":7,"column":0},"end":{"line":7,"column":64}},"7":{"start":{"line":8,"column":0},"end":{"line":8,"column":101}},"8":{"start":{"line":9,"column":0},"end":{"line":9,"column":54}},"9":{"start":{"line":10,"column":0},"end":{"line":10,"column":132}},"10":{"start":{"line":11,"column":0},"end":{"line":11,"column":58}},"11":{"start":{"line":12,"column":0},"end":{"line":12,"column":130}},"12":{"start":{"line":13,"column":0},"end":{"line":13,"column":0}},"13":{"start":{"line":14,"column":0},"end":{"line":14,"column":19}},"14":{"start":{"line":15,"column":0},"end":{"line":15,"column":55}},"15":{"start":{"line":16,"column":0},"end":{"line":16,"column":57}},"16":{"start":{"line":17,"column":0},"end":{"line":17,"column":60}},"17":{"start":{"line":18,"column":0},"end":{"line":18,"column":49}},"18":{"start":{"line":19,"column":0},"end":{"line":19,"column":49}},"19":{"start":{"line":20,"column":0},"end":{"line":20,"column":59}},"20":{"start":{"line":21,"column":0},"end":{"line":21,"column":64}},"21":{"start":{"line":22,"column":0},"end":{"line":22,"column":64}},"22":{"start":{"line":23,"column":0},"end":{"line":23,"column":64}},"23":{"start":{"line":24,"column":0},"end":{"line":24,"column":0}},"24":{"start":{"line":25,"column":0},"end":{"line":25,"column":23}},"25":{"start":{"line":26,"column":0},"end":{"line":26,"column":67}},"26":{"start":{"line":27,"column":0},"end":{"line":27,"column":63}},"27":{"start":{"line":28,"column":0},"end":{"line":28,"column":59}},"28":{"start":{"line":29,"column":0},"end":{"line":29,"column":69}},"29":{"start":{"line":30,"column":0},"end":{"line":30,"column":67}},"30":{"start":{"line":31,"column":0},"end":{"line":31,"column":95}},"31":{"start":{"line":32,"column":0},"end":{"line":32,"column":95}},"32":{"start":{"line":33,"column":0},"end":{"line":33,"column":0}},"33":{"start":{"line":34,"column":0},"end":{"line":34,"column":31}},"34":{"start":{"line":35,"column":0},"end":{"line":35,"column":70}},"35":{"start":{"line":36,"column":0},"end":{"line":36,"column":60}},"36":{"start":{"line":37,"column":0},"end":{"line":37,"column":56}},"37":{"start":{"line":38,"column":0},"end":{"line":38,"column":77}},"38":{"start":{"line":39,"column":0},"end":{"line":39,"column":78}},"39":{"start":{"line":40,"column":0},"end":{"line":40,"column":78}},"40":{"start":{"line":41,"column":0},"end":{"line":41,"column":0}},"41":{"start":{"line":42,"column":0},"end":{"line":42,"column":27}},"42":{"start":{"line":43,"column":0},"end":{"line":43,"column":65}},"43":{"start":{"line":44,"column":0},"end":{"line":44,"column":61}},"44":{"start":{"line":45,"column":0},"end":{"line":45,"column":63}},"45":{"start":{"line":46,"column":0},"end":{"line":46,"column":0}},"46":{"start":{"line":47,"column":0},"end":{"line":47,"column":18}},"47":{"start":{"line":48,"column":0},"end":{"line":48,"column":120}},"48":{"start":{"line":49,"column":0},"end":{"line":49,"column":0}},"49":{"start":{"line":50,"column":0},"end":{"line":50,"column":11}},"50":{"start":{"line":51,"column":0},"end":{"line":51,"column":8}},"51":{"start":{"line":52,"column":0},"end":{"line":52,"column":19}},"52":{"start":{"line":53,"column":0},"end":{"line":53,"column":21}},"53":{"start":{"line":54,"column":0},"end":{"line":54,"column":21}},"54":{"start":{"line":55,"column":0},"end":{"line":55,"column":13}},"55":{"start":{"line":56,"column":0},"end":{"line":56,"column":14}},"56":{"start":{"line":57,"column":0},"end":{"line":57,"column":29}},"57":{"start":{"line":58,"column":0},"end":{"line":58,"column":0}},"58":{"start":{"line":59,"column":0},"end":{"line":59,"column":8}},"59":{"start":{"line":60,"column":0},"end":{"line":60,"column":44}},"60":{"start":{"line":61,"column":0},"end":{"line":61,"column":44}},"61":{"start":{"line":62,"column":0},"end":{"line":62,"column":100}},"62":{"start":{"line":63,"column":0},"end":{"line":63,"column":29}},"63":{"start":{"line":64,"column":0},"end":{"line":64,"column":92}},"64":{"start":{"line":65,"column":0},"end":{"line":65,"column":0}},"65":{"start":{"line":66,"column":0},"end":{"line":66,"column":25}},"66":{"start":{"line":67,"column":0},"end":{"line":67,"column":106}},"67":{"start":{"line":68,"column":0},"end":{"line":68,"column":53}},"68":{"start":{"line":69,"column":0},"end":{"line":69,"column":17}},"69":{"start":{"line":70,"column":0},"end":{"line":70,"column":37}},"70":{"start":{"line":71,"column":0},"end":{"line":71,"column":3}},"71":{"start":{"line":72,"column":0},"end":{"line":72,"column":66}},"72":{"start":{"line":73,"column":0},"end":{"line":73,"column":63}},"73":{"start":{"line":74,"column":0},"end":{"line":74,"column":30}},"74":{"start":{"line":75,"column":0},"end":{"line":75,"column":37}},"75":{"start":{"line":76,"column":0},"end":{"line":76,"column":18}},"76":{"start":{"line":77,"column":0},"end":{"line":77,"column":16}},"77":{"start":{"line":78,"column":0},"end":{"line":78,"column":51}},"78":{"start":{"line":79,"column":0},"end":{"line":79,"column":17}},"79":{"start":{"line":80,"column":0},"end":{"line":80,"column":8}},"80":{"start":{"line":81,"column":0},"end":{"line":81,"column":7}},"81":{"start":{"line":82,"column":0},"end":{"line":82,"column":71}},"82":{"start":{"line":83,"column":0},"end":{"line":83,"column":3}},"83":{"start":{"line":84,"column":0},"end":{"line":84,"column":12}},"84":{"start":{"line":85,"column":0},"end":{"line":85,"column":265}},"85":{"start":{"line":86,"column":0},"end":{"line":86,"column":31}},"86":{"start":{"line":87,"column":0},"end":{"line":87,"column":3}},"87":{"start":{"line":88,"column":0},"end":{"line":88,"column":1}},"88":{"start":{"line":89,"column":0},"end":{"line":89,"column":0}},"89":{"start":{"line":90,"column":0},"end":{"line":90,"column":37}},"90":{"start":{"line":91,"column":0},"end":{"line":91,"column":30}},"91":{"start":{"line":92,"column":0},"end":{"line":92,"column":10}},"92":{"start":{"line":93,"column":0},"end":{"line":93,"column":82}},"93":{"start":{"line":94,"column":0},"end":{"line":94,"column":123}},"94":{"start":{"line":95,"column":0},"end":{"line":95,"column":129}},"95":{"start":{"line":96,"column":0},"end":{"line":96,"column":127}},"96":{"start":{"line":97,"column":0},"end":{"line":97,"column":132}},"97":{"start":{"line":98,"column":0},"end":{"line":98,"column":10}},"98":{"start":{"line":99,"column":0},"end":{"line":99,"column":4}},"99":{"start":{"line":100,"column":0},"end":{"line":100,"column":1}},"100":{"start":{"line":101,"column":0},"end":{"line":101,"column":0}},"101":{"start":{"line":102,"column":0},"end":{"line":102,"column":144}},"102":{"start":{"line":103,"column":0},"end":{"line":103,"column":48}},"103":{"start":{"line":104,"column":0},"end":{"line":104,"column":87}},"104":{"start":{"line":105,"column":0},"end":{"line":105,"column":68}},"105":{"start":{"line":106,"column":0},"end":{"line":106,"column":31}},"106":{"start":{"line":107,"column":0},"end":{"line":107,"column":88}},"107":{"start":{"line":108,"column":0},"end":{"line":108,"column":16}},"108":{"start":{"line":109,"column":0},"end":{"line":109,"column":4}},"109":{"start":{"line":110,"column":0},"end":{"line":110,"column":10}},"110":{"start":{"line":111,"column":0},"end":{"line":111,"column":43}},"111":{"start":{"line":112,"column":0},"end":{"line":112,"column":12}},"112":{"start":{"line":113,"column":0},"end":{"line":113,"column":30}},"113":{"start":{"line":114,"column":0},"end":{"line":114,"column":19}},"114":{"start":{"line":115,"column":0},"end":{"line":115,"column":31}},"115":{"start":{"line":116,"column":0},"end":{"line":116,"column":95}},"116":{"start":{"line":117,"column":0},"end":{"line":117,"column":21}},"117":{"start":{"line":118,"column":0},"end":{"line":118,"column":17}},"118":{"start":{"line":119,"column":0},"end":{"line":119,"column":76}},"119":{"start":{"line":120,"column":0},"end":{"line":120,"column":34}},"120":{"start":{"line":121,"column":0},"end":{"line":121,"column":8}},"121":{"start":{"line":122,"column":0},"end":{"line":122,"column":13}},"122":{"start":{"line":123,"column":0},"end":{"line":123,"column":31}},"123":{"start":{"line":124,"column":0},"end":{"line":124,"column":33}},"124":{"start":{"line":125,"column":0},"end":{"line":125,"column":33}},"125":{"start":{"line":126,"column":0},"end":{"line":126,"column":71}},"126":{"start":{"line":127,"column":0},"end":{"line":127,"column":7}},"127":{"start":{"line":128,"column":0},"end":{"line":128,"column":12}},"128":{"start":{"line":129,"column":0},"end":{"line":129,"column":15}},"129":{"start":{"line":130,"column":0},"end":{"line":130,"column":10}},"130":{"start":{"line":131,"column":0},"end":{"line":131,"column":4}},"131":{"start":{"line":132,"column":0},"end":{"line":132,"column":1}},"132":{"start":{"line":133,"column":0},"end":{"line":133,"column":0}},"133":{"start":{"line":134,"column":0},"end":{"line":134,"column":57}},"134":{"start":{"line":135,"column":0},"end":{"line":135,"column":33}},"135":{"start":{"line":136,"column":0},"end":{"line":136,"column":25}},"136":{"start":{"line":137,"column":0},"end":{"line":137,"column":1}},"137":{"start":{"line":138,"column":0},"end":{"line":138,"column":0}},"138":{"start":{"line":139,"column":0},"end":{"line":139,"column":26}},"139":{"start":{"line":140,"column":0},"end":{"line":140,"column":25}},"140":{"start":{"line":141,"column":0},"end":{"line":141,"column":7}},"141":{"start":{"line":142,"column":0},"end":{"line":142,"column":49}},"142":{"start":{"line":143,"column":0},"end":{"line":143,"column":12}},"143":{"start":{"line":144,"column":0},"end":{"line":144,"column":33}},"144":{"start":{"line":145,"column":0},"end":{"line":145,"column":14}},"145":{"start":{"line":146,"column":0},"end":{"line":146,"column":79}},"146":{"start":{"line":147,"column":0},"end":{"line":147,"column":56}},"147":{"start":{"line":148,"column":0},"end":{"line":148,"column":70}},"148":{"start":{"line":149,"column":0},"end":{"line":149,"column":49}},"149":{"start":{"line":150,"column":0},"end":{"line":150,"column":77}},"150":{"start":{"line":151,"column":0},"end":{"line":151,"column":55}},"151":{"start":{"line":152,"column":0},"end":{"line":152,"column":69}},"152":{"start":{"line":153,"column":0},"end":{"line":153,"column":64}},"153":{"start":{"line":154,"column":0},"end":{"line":154,"column":8}},"154":{"start":{"line":155,"column":0},"end":{"line":155,"column":5}},"155":{"start":{"line":156,"column":0},"end":{"line":156,"column":12}},"156":{"start":{"line":157,"column":0},"end":{"line":157,"column":224}},"157":{"start":{"line":158,"column":0},"end":{"line":158,"column":1}},"158":{"start":{"line":159,"column":0},"end":{"line":159,"column":0}},"159":{"start":{"line":160,"column":0},"end":{"line":160,"column":17}},"160":{"start":{"line":161,"column":0},"end":{"line":161,"column":50}},"161":{"start":{"line":162,"column":0},"end":{"line":162,"column":50}},"162":{"start":{"line":163,"column":0},"end":{"line":163,"column":50}},"163":{"start":{"line":164,"column":0},"end":{"line":164,"column":60}},"164":{"start":{"line":165,"column":0},"end":{"line":165,"column":2}},"165":{"start":{"line":166,"column":0},"end":{"line":166,"column":0}},"166":{"start":{"line":167,"column":0},"end":{"line":167,"column":36}},"167":{"start":{"line":168,"column":0},"end":{"line":168,"column":73}},"168":{"start":{"line":169,"column":0},"end":{"line":169,"column":1}},"169":{"start":{"line":170,"column":0},"end":{"line":170,"column":0}},"170":{"start":{"line":171,"column":0},"end":{"line":171,"column":24}},"171":{"start":{"line":172,"column":0},"end":{"line":172,"column":31}},"172":{"start":{"line":173,"column":0},"end":{"line":173,"column":50}},"173":{"start":{"line":174,"column":0},"end":{"line":174,"column":54}},"174":{"start":{"line":175,"column":0},"end":{"line":175,"column":50}},"175":{"start":{"line":176,"column":0},"end":{"line":176,"column":60}},"176":{"start":{"line":177,"column":0},"end":{"line":177,"column":0}},"177":{"start":{"line":178,"column":0},"end":{"line":178,"column":22}},"178":{"start":{"line":179,"column":0},"end":{"line":179,"column":102}},"179":{"start":{"line":180,"column":0},"end":{"line":180,"column":94}},"180":{"start":{"line":181,"column":0},"end":{"line":181,"column":31}},"181":{"start":{"line":182,"column":0},"end":{"line":182,"column":55}},"182":{"start":{"line":183,"column":0},"end":{"line":183,"column":0}},"183":{"start":{"line":184,"column":0},"end":{"line":184,"column":54}},"184":{"start":{"line":185,"column":0},"end":{"line":185,"column":9}},"185":{"start":{"line":186,"column":0},"end":{"line":186,"column":53}},"186":{"start":{"line":187,"column":0},"end":{"line":187,"column":34}},"187":{"start":{"line":188,"column":0},"end":{"line":188,"column":14}},"188":{"start":{"line":189,"column":0},"end":{"line":189,"column":61}},"189":{"start":{"line":190,"column":0},"end":{"line":190,"column":5}},"190":{"start":{"line":191,"column":0},"end":{"line":191,"column":0}},"191":{"start":{"line":192,"column":0},"end":{"line":192,"column":70}},"192":{"start":{"line":193,"column":0},"end":{"line":193,"column":0}},"193":{"start":{"line":194,"column":0},"end":{"line":194,"column":38}},"194":{"start":{"line":195,"column":0},"end":{"line":195,"column":82}},"195":{"start":{"line":196,"column":0},"end":{"line":196,"column":0}},"196":{"start":{"line":197,"column":0},"end":{"line":197,"column":19}},"197":{"start":{"line":198,"column":0},"end":{"line":198,"column":88}},"198":{"start":{"line":199,"column":0},"end":{"line":199,"column":40}},"199":{"start":{"line":200,"column":0},"end":{"line":200,"column":63}},"200":{"start":{"line":201,"column":0},"end":{"line":201,"column":22}},"201":{"start":{"line":202,"column":0},"end":{"line":202,"column":43}},"202":{"start":{"line":203,"column":0},"end":{"line":203,"column":10}},"203":{"start":{"line":204,"column":0},"end":{"line":204,"column":7}},"204":{"start":{"line":205,"column":0},"end":{"line":205,"column":9}},"205":{"start":{"line":206,"column":0},"end":{"line":206,"column":0}},"206":{"start":{"line":207,"column":0},"end":{"line":207,"column":19}},"207":{"start":{"line":208,"column":0},"end":{"line":208,"column":52}},"208":{"start":{"line":209,"column":0},"end":{"line":209,"column":9}},"209":{"start":{"line":210,"column":0},"end":{"line":210,"column":0}},"210":{"start":{"line":211,"column":0},"end":{"line":211,"column":69}},"211":{"start":{"line":212,"column":0},"end":{"line":212,"column":63}},"212":{"start":{"line":213,"column":0},"end":{"line":213,"column":68}},"213":{"start":{"line":214,"column":0},"end":{"line":214,"column":58}},"214":{"start":{"line":215,"column":0},"end":{"line":215,"column":55}},"215":{"start":{"line":216,"column":0},"end":{"line":216,"column":88}},"216":{"start":{"line":217,"column":0},"end":{"line":217,"column":5}},"217":{"start":{"line":218,"column":0},"end":{"line":218,"column":55}},"218":{"start":{"line":219,"column":0},"end":{"line":219,"column":97}},"219":{"start":{"line":220,"column":0},"end":{"line":220,"column":5}},"220":{"start":{"line":221,"column":0},"end":{"line":221,"column":56}},"221":{"start":{"line":222,"column":0},"end":{"line":222,"column":95}},"222":{"start":{"line":223,"column":0},"end":{"line":223,"column":5}},"223":{"start":{"line":224,"column":0},"end":{"line":224,"column":48}},"224":{"start":{"line":225,"column":0},"end":{"line":225,"column":22}},"225":{"start":{"line":226,"column":0},"end":{"line":226,"column":70}},"226":{"start":{"line":227,"column":0},"end":{"line":227,"column":22}},"227":{"start":{"line":228,"column":0},"end":{"line":228,"column":22}},"228":{"start":{"line":229,"column":0},"end":{"line":229,"column":9}},"229":{"start":{"line":230,"column":0},"end":{"line":230,"column":51}},"230":{"start":{"line":231,"column":0},"end":{"line":231,"column":16}},"231":{"start":{"line":232,"column":0},"end":{"line":232,"column":69}},"232":{"start":{"line":233,"column":0},"end":{"line":233,"column":21}},"233":{"start":{"line":234,"column":0},"end":{"line":234,"column":9}},"234":{"start":{"line":235,"column":0},"end":{"line":235,"column":55}},"235":{"start":{"line":236,"column":0},"end":{"line":236,"column":67}},"236":{"start":{"line":237,"column":0},"end":{"line":237,"column":52}},"237":{"start":{"line":238,"column":0},"end":{"line":238,"column":56}},"238":{"start":{"line":239,"column":0},"end":{"line":239,"column":69}},"239":{"start":{"line":240,"column":0},"end":{"line":240,"column":68}},"240":{"start":{"line":241,"column":0},"end":{"line":241,"column":76}},"241":{"start":{"line":242,"column":0},"end":{"line":242,"column":51}},"242":{"start":{"line":243,"column":0},"end":{"line":243,"column":4}},"243":{"start":{"line":244,"column":0},"end":{"line":244,"column":61}},"244":{"start":{"line":245,"column":0},"end":{"line":245,"column":0}},"245":{"start":{"line":246,"column":0},"end":{"line":246,"column":45}},"246":{"start":{"line":247,"column":0},"end":{"line":247,"column":49}},"247":{"start":{"line":248,"column":0},"end":{"line":248,"column":31}},"248":{"start":{"line":249,"column":0},"end":{"line":249,"column":9}},"249":{"start":{"line":250,"column":0},"end":{"line":250,"column":98}},"250":{"start":{"line":251,"column":0},"end":{"line":251,"column":52}},"251":{"start":{"line":252,"column":0},"end":{"line":252,"column":55}},"252":{"start":{"line":253,"column":0},"end":{"line":253,"column":72}},"253":{"start":{"line":254,"column":0},"end":{"line":254,"column":79}},"254":{"start":{"line":255,"column":0},"end":{"line":255,"column":62}},"255":{"start":{"line":256,"column":0},"end":{"line":256,"column":68}},"256":{"start":{"line":257,"column":0},"end":{"line":257,"column":70}},"257":{"start":{"line":258,"column":0},"end":{"line":258,"column":58}},"258":{"start":{"line":259,"column":0},"end":{"line":259,"column":104}},"259":{"start":{"line":260,"column":0},"end":{"line":260,"column":114}},"260":{"start":{"line":261,"column":0},"end":{"line":261,"column":113}},"261":{"start":{"line":262,"column":0},"end":{"line":262,"column":54}},"262":{"start":{"line":263,"column":0},"end":{"line":263,"column":54}},"263":{"start":{"line":264,"column":0},"end":{"line":264,"column":60}},"264":{"start":{"line":265,"column":0},"end":{"line":265,"column":54}},"265":{"start":{"line":266,"column":0},"end":{"line":266,"column":60}},"266":{"start":{"line":267,"column":0},"end":{"line":267,"column":62}},"267":{"start":{"line":268,"column":0},"end":{"line":268,"column":56}},"268":{"start":{"line":269,"column":0},"end":{"line":269,"column":77}},"269":{"start":{"line":270,"column":0},"end":{"line":270,"column":64}},"270":{"start":{"line":271,"column":0},"end":{"line":271,"column":64}},"271":{"start":{"line":272,"column":0},"end":{"line":272,"column":0}},"272":{"start":{"line":273,"column":0},"end":{"line":273,"column":50}},"273":{"start":{"line":274,"column":0},"end":{"line":274,"column":70}},"274":{"start":{"line":275,"column":0},"end":{"line":275,"column":9}},"275":{"start":{"line":276,"column":0},"end":{"line":276,"column":0}},"276":{"start":{"line":277,"column":0},"end":{"line":277,"column":42}},"277":{"start":{"line":278,"column":0},"end":{"line":278,"column":53}},"278":{"start":{"line":279,"column":0},"end":{"line":279,"column":27}},"279":{"start":{"line":280,"column":0},"end":{"line":280,"column":9}},"280":{"start":{"line":281,"column":0},"end":{"line":281,"column":0}},"281":{"start":{"line":282,"column":0},"end":{"line":282,"column":38}},"282":{"start":{"line":283,"column":0},"end":{"line":283,"column":98}},"283":{"start":{"line":284,"column":0},"end":{"line":284,"column":4}},"284":{"start":{"line":285,"column":0},"end":{"line":285,"column":32}},"285":{"start":{"line":286,"column":0},"end":{"line":286,"column":41}},"286":{"start":{"line":287,"column":0},"end":{"line":287,"column":35}},"287":{"start":{"line":288,"column":0},"end":{"line":288,"column":34}},"288":{"start":{"line":289,"column":0},"end":{"line":289,"column":16}},"289":{"start":{"line":290,"column":0},"end":{"line":290,"column":4}},"290":{"start":{"line":291,"column":0},"end":{"line":291,"column":0}},"291":{"start":{"line":292,"column":0},"end":{"line":292,"column":53}},"292":{"start":{"line":293,"column":0},"end":{"line":293,"column":56}},"293":{"start":{"line":294,"column":0},"end":{"line":294,"column":58}},"294":{"start":{"line":295,"column":0},"end":{"line":295,"column":50}},"295":{"start":{"line":296,"column":0},"end":{"line":296,"column":81}},"296":{"start":{"line":297,"column":0},"end":{"line":297,"column":21}},"297":{"start":{"line":298,"column":0},"end":{"line":298,"column":30}},"298":{"start":{"line":299,"column":0},"end":{"line":299,"column":76}},"299":{"start":{"line":300,"column":0},"end":{"line":300,"column":9}},"300":{"start":{"line":301,"column":0},"end":{"line":301,"column":0}},"301":{"start":{"line":302,"column":0},"end":{"line":302,"column":89}},"302":{"start":{"line":303,"column":0},"end":{"line":303,"column":89}},"303":{"start":{"line":304,"column":0},"end":{"line":304,"column":0}},"304":{"start":{"line":305,"column":0},"end":{"line":305,"column":68}},"305":{"start":{"line":306,"column":0},"end":{"line":306,"column":47}},"306":{"start":{"line":307,"column":0},"end":{"line":307,"column":57}},"307":{"start":{"line":308,"column":0},"end":{"line":308,"column":18}},"308":{"start":{"line":309,"column":0},"end":{"line":309,"column":80}},"309":{"start":{"line":310,"column":0},"end":{"line":310,"column":9}},"310":{"start":{"line":311,"column":0},"end":{"line":311,"column":0}},"311":{"start":{"line":312,"column":0},"end":{"line":312,"column":82}},"312":{"start":{"line":313,"column":0},"end":{"line":313,"column":44}},"313":{"start":{"line":314,"column":0},"end":{"line":314,"column":19}},"314":{"start":{"line":315,"column":0},"end":{"line":315,"column":24}},"315":{"start":{"line":316,"column":0},"end":{"line":316,"column":41}},"316":{"start":{"line":317,"column":0},"end":{"line":317,"column":36}},"317":{"start":{"line":318,"column":0},"end":{"line":318,"column":86}},"318":{"start":{"line":319,"column":0},"end":{"line":319,"column":52}},"319":{"start":{"line":320,"column":0},"end":{"line":320,"column":25}},"320":{"start":{"line":321,"column":0},"end":{"line":321,"column":34}},"321":{"start":{"line":322,"column":0},"end":{"line":322,"column":30}},"322":{"start":{"line":323,"column":0},"end":{"line":323,"column":7}},"323":{"start":{"line":324,"column":0},"end":{"line":324,"column":6}},"324":{"start":{"line":325,"column":0},"end":{"line":325,"column":46}},"325":{"start":{"line":326,"column":0},"end":{"line":326,"column":62}},"326":{"start":{"line":327,"column":0},"end":{"line":327,"column":32}},"327":{"start":{"line":328,"column":0},"end":{"line":328,"column":0}},"328":{"start":{"line":329,"column":0},"end":{"line":329,"column":17}},"329":{"start":{"line":330,"column":0},"end":{"line":330,"column":48}},"330":{"start":{"line":331,"column":0},"end":{"line":331,"column":0}},"331":{"start":{"line":332,"column":0},"end":{"line":332,"column":46}},"332":{"start":{"line":333,"column":0},"end":{"line":333,"column":35}},"333":{"start":{"line":334,"column":0},"end":{"line":334,"column":14}},"334":{"start":{"line":335,"column":0},"end":{"line":335,"column":32}},"335":{"start":{"line":336,"column":0},"end":{"line":336,"column":19}},"336":{"start":{"line":337,"column":0},"end":{"line":337,"column":0}},"337":{"start":{"line":338,"column":0},"end":{"line":338,"column":63}},"338":{"start":{"line":339,"column":0},"end":{"line":339,"column":19}},"339":{"start":{"line":340,"column":0},"end":{"line":340,"column":15}},"340":{"start":{"line":341,"column":0},"end":{"line":341,"column":14}},"341":{"start":{"line":342,"column":0},"end":{"line":342,"column":37}},"342":{"start":{"line":343,"column":0},"end":{"line":343,"column":64}},"343":{"start":{"line":344,"column":0},"end":{"line":344,"column":0}},"344":{"start":{"line":345,"column":0},"end":{"line":345,"column":123}},"345":{"start":{"line":346,"column":0},"end":{"line":346,"column":75}},"346":{"start":{"line":347,"column":0},"end":{"line":347,"column":34}},"347":{"start":{"line":348,"column":0},"end":{"line":348,"column":21}},"348":{"start":{"line":349,"column":0},"end":{"line":349,"column":59}},"349":{"start":{"line":350,"column":0},"end":{"line":350,"column":52}},"350":{"start":{"line":351,"column":0},"end":{"line":351,"column":88}},"351":{"start":{"line":352,"column":0},"end":{"line":352,"column":33}},"352":{"start":{"line":353,"column":0},"end":{"line":353,"column":144}},"353":{"start":{"line":354,"column":0},"end":{"line":354,"column":12}},"354":{"start":{"line":355,"column":0},"end":{"line":355,"column":143}},"355":{"start":{"line":356,"column":0},"end":{"line":356,"column":5}},"356":{"start":{"line":357,"column":0},"end":{"line":357,"column":36}},"357":{"start":{"line":358,"column":0},"end":{"line":358,"column":69}},"358":{"start":{"line":359,"column":0},"end":{"line":359,"column":40}},"359":{"start":{"line":360,"column":0},"end":{"line":360,"column":17}},"360":{"start":{"line":361,"column":0},"end":{"line":361,"column":21}},"361":{"start":{"line":362,"column":0},"end":{"line":362,"column":4}},"362":{"start":{"line":363,"column":0},"end":{"line":363,"column":28}},"363":{"start":{"line":364,"column":0},"end":{"line":364,"column":36}},"364":{"start":{"line":365,"column":0},"end":{"line":365,"column":25}},"365":{"start":{"line":366,"column":0},"end":{"line":366,"column":93}},"366":{"start":{"line":367,"column":0},"end":{"line":367,"column":62}},"367":{"start":{"line":368,"column":0},"end":{"line":368,"column":91}},"368":{"start":{"line":369,"column":0},"end":{"line":369,"column":50}},"369":{"start":{"line":370,"column":0},"end":{"line":370,"column":24}},"370":{"start":{"line":371,"column":0},"end":{"line":371,"column":39}},"371":{"start":{"line":372,"column":0},"end":{"line":372,"column":55}},"372":{"start":{"line":373,"column":0},"end":{"line":373,"column":29}},"373":{"start":{"line":374,"column":0},"end":{"line":374,"column":67}},"374":{"start":{"line":375,"column":0},"end":{"line":375,"column":82}},"375":{"start":{"line":376,"column":0},"end":{"line":376,"column":9}},"376":{"start":{"line":377,"column":0},"end":{"line":377,"column":7}},"377":{"start":{"line":378,"column":0},"end":{"line":378,"column":5}},"378":{"start":{"line":379,"column":0},"end":{"line":379,"column":0}},"379":{"start":{"line":380,"column":0},"end":{"line":380,"column":26}},"380":{"start":{"line":381,"column":0},"end":{"line":381,"column":45}},"381":{"start":{"line":382,"column":0},"end":{"line":382,"column":0}},"382":{"start":{"line":383,"column":0},"end":{"line":383,"column":9}},"383":{"start":{"line":384,"column":0},"end":{"line":384,"column":13}},"384":{"start":{"line":385,"column":0},"end":{"line":385,"column":29}},"385":{"start":{"line":386,"column":0},"end":{"line":386,"column":27}},"386":{"start":{"line":387,"column":0},"end":{"line":387,"column":24}},"387":{"start":{"line":388,"column":0},"end":{"line":388,"column":27}},"388":{"start":{"line":389,"column":0},"end":{"line":389,"column":18}},"389":{"start":{"line":390,"column":0},"end":{"line":390,"column":15}},"390":{"start":{"line":391,"column":0},"end":{"line":391,"column":25}},"391":{"start":{"line":392,"column":0},"end":{"line":392,"column":23}},"392":{"start":{"line":393,"column":0},"end":{"line":393,"column":23}},"393":{"start":{"line":394,"column":0},"end":{"line":394,"column":25}},"394":{"start":{"line":395,"column":0},"end":{"line":395,"column":46}},"395":{"start":{"line":396,"column":0},"end":{"line":396,"column":47}},"396":{"start":{"line":397,"column":0},"end":{"line":397,"column":49}},"397":{"start":{"line":398,"column":0},"end":{"line":398,"column":74}},"398":{"start":{"line":399,"column":0},"end":{"line":399,"column":34}},"399":{"start":{"line":400,"column":0},"end":{"line":400,"column":71}},"400":{"start":{"line":401,"column":0},"end":{"line":401,"column":0}},"401":{"start":{"line":402,"column":0},"end":{"line":402,"column":39}},"402":{"start":{"line":403,"column":0},"end":{"line":403,"column":67}},"403":{"start":{"line":404,"column":0},"end":{"line":404,"column":0}},"404":{"start":{"line":405,"column":0},"end":{"line":405,"column":40}},"405":{"start":{"line":406,"column":0},"end":{"line":406,"column":19}},"406":{"start":{"line":407,"column":0},"end":{"line":407,"column":21}},"407":{"start":{"line":408,"column":0},"end":{"line":408,"column":21}},"408":{"start":{"line":409,"column":0},"end":{"line":409,"column":0}},"409":{"start":{"line":410,"column":0},"end":{"line":410,"column":39}},"410":{"start":{"line":411,"column":0},"end":{"line":411,"column":18}},"411":{"start":{"line":412,"column":0},"end":{"line":412,"column":20}},"412":{"start":{"line":413,"column":0},"end":{"line":413,"column":20}},"413":{"start":{"line":414,"column":0},"end":{"line":414,"column":0}},"414":{"start":{"line":415,"column":0},"end":{"line":415,"column":43}},"415":{"start":{"line":416,"column":0},"end":{"line":416,"column":27}},"416":{"start":{"line":417,"column":0},"end":{"line":417,"column":38}},"417":{"start":{"line":418,"column":0},"end":{"line":418,"column":45}},"418":{"start":{"line":419,"column":0},"end":{"line":419,"column":5}},"419":{"start":{"line":420,"column":0},"end":{"line":420,"column":32}},"420":{"start":{"line":421,"column":0},"end":{"line":421,"column":34}},"421":{"start":{"line":422,"column":0},"end":{"line":422,"column":0}},"422":{"start":{"line":423,"column":0},"end":{"line":423,"column":15}},"423":{"start":{"line":424,"column":0},"end":{"line":424,"column":19}},"424":{"start":{"line":425,"column":0},"end":{"line":425,"column":58}},"425":{"start":{"line":426,"column":0},"end":{"line":426,"column":60}},"426":{"start":{"line":427,"column":0},"end":{"line":427,"column":57}},"427":{"start":{"line":428,"column":0},"end":{"line":428,"column":67}},"428":{"start":{"line":429,"column":0},"end":{"line":429,"column":67}},"429":{"start":{"line":430,"column":0},"end":{"line":430,"column":67}},"430":{"start":{"line":431,"column":0},"end":{"line":431,"column":18}},"431":{"start":{"line":432,"column":0},"end":{"line":432,"column":72}},"432":{"start":{"line":433,"column":0},"end":{"line":433,"column":72}},"433":{"start":{"line":434,"column":0},"end":{"line":434,"column":72}},"434":{"start":{"line":435,"column":0},"end":{"line":435,"column":6}},"435":{"start":{"line":436,"column":0},"end":{"line":436,"column":53}},"436":{"start":{"line":437,"column":0},"end":{"line":437,"column":0}},"437":{"start":{"line":438,"column":0},"end":{"line":438,"column":103}},"438":{"start":{"line":439,"column":0},"end":{"line":439,"column":91}},"439":{"start":{"line":440,"column":0},"end":{"line":440,"column":103}},"440":{"start":{"line":441,"column":0},"end":{"line":441,"column":0}},"441":{"start":{"line":442,"column":0},"end":{"line":442,"column":60}},"442":{"start":{"line":443,"column":0},"end":{"line":443,"column":53}},"443":{"start":{"line":444,"column":0},"end":{"line":444,"column":0}},"444":{"start":{"line":445,"column":0},"end":{"line":445,"column":19}},"445":{"start":{"line":446,"column":0},"end":{"line":446,"column":74}},"446":{"start":{"line":447,"column":0},"end":{"line":447,"column":86}},"447":{"start":{"line":448,"column":0},"end":{"line":448,"column":87}},"448":{"start":{"line":449,"column":0},"end":{"line":449,"column":47}},"449":{"start":{"line":450,"column":0},"end":{"line":450,"column":59}},"450":{"start":{"line":451,"column":0},"end":{"line":451,"column":52}},"451":{"start":{"line":452,"column":0},"end":{"line":452,"column":0}},"452":{"start":{"line":453,"column":0},"end":{"line":453,"column":33}},"453":{"start":{"line":454,"column":0},"end":{"line":454,"column":79}},"454":{"start":{"line":455,"column":0},"end":{"line":455,"column":14}},"455":{"start":{"line":456,"column":0},"end":{"line":456,"column":69}},"456":{"start":{"line":457,"column":0},"end":{"line":457,"column":56}},"457":{"start":{"line":458,"column":0},"end":{"line":458,"column":50}},"458":{"start":{"line":459,"column":0},"end":{"line":459,"column":14}},"459":{"start":{"line":460,"column":0},"end":{"line":460,"column":84}},"460":{"start":{"line":461,"column":0},"end":{"line":461,"column":28}},"461":{"start":{"line":462,"column":0},"end":{"line":462,"column":46}},"462":{"start":{"line":463,"column":0},"end":{"line":463,"column":95}},"463":{"start":{"line":464,"column":0},"end":{"line":464,"column":13}},"464":{"start":{"line":465,"column":0},"end":{"line":465,"column":8}},"465":{"start":{"line":466,"column":0},"end":{"line":466,"column":39}},"466":{"start":{"line":467,"column":0},"end":{"line":467,"column":76}},"467":{"start":{"line":468,"column":0},"end":{"line":468,"column":14}},"468":{"start":{"line":469,"column":0},"end":{"line":469,"column":34}},"469":{"start":{"line":470,"column":0},"end":{"line":470,"column":85}},"470":{"start":{"line":471,"column":0},"end":{"line":471,"column":0}},"471":{"start":{"line":472,"column":0},"end":{"line":472,"column":48}},"472":{"start":{"line":473,"column":0},"end":{"line":473,"column":19}},"473":{"start":{"line":474,"column":0},"end":{"line":474,"column":15}},"474":{"start":{"line":475,"column":0},"end":{"line":475,"column":95}},"475":{"start":{"line":476,"column":0},"end":{"line":476,"column":11}},"476":{"start":{"line":477,"column":0},"end":{"line":477,"column":11}},"477":{"start":{"line":478,"column":0},"end":{"line":478,"column":34}},"478":{"start":{"line":479,"column":0},"end":{"line":479,"column":60}},"479":{"start":{"line":480,"column":0},"end":{"line":480,"column":21}},"480":{"start":{"line":481,"column":0},"end":{"line":481,"column":33}},"481":{"start":{"line":482,"column":0},"end":{"line":482,"column":29}},"482":{"start":{"line":483,"column":0},"end":{"line":483,"column":55}},"483":{"start":{"line":484,"column":0},"end":{"line":484,"column":5}},"484":{"start":{"line":485,"column":0},"end":{"line":485,"column":0}},"485":{"start":{"line":486,"column":0},"end":{"line":486,"column":54}},"486":{"start":{"line":487,"column":0},"end":{"line":487,"column":57}},"487":{"start":{"line":488,"column":0},"end":{"line":488,"column":0}},"488":{"start":{"line":489,"column":0},"end":{"line":489,"column":30}},"489":{"start":{"line":490,"column":0},"end":{"line":490,"column":19}},"490":{"start":{"line":491,"column":0},"end":{"line":491,"column":41}},"491":{"start":{"line":492,"column":0},"end":{"line":492,"column":31}},"492":{"start":{"line":493,"column":0},"end":{"line":493,"column":91}},"493":{"start":{"line":494,"column":0},"end":{"line":494,"column":69}},"494":{"start":{"line":495,"column":0},"end":{"line":495,"column":7}},"495":{"start":{"line":496,"column":0},"end":{"line":496,"column":41}},"496":{"start":{"line":497,"column":0},"end":{"line":497,"column":43}},"497":{"start":{"line":498,"column":0},"end":{"line":498,"column":68}},"498":{"start":{"line":499,"column":0},"end":{"line":499,"column":47}},"499":{"start":{"line":500,"column":0},"end":{"line":500,"column":9}},"500":{"start":{"line":501,"column":0},"end":{"line":501,"column":15}},"501":{"start":{"line":502,"column":0},"end":{"line":502,"column":7}},"502":{"start":{"line":503,"column":0},"end":{"line":503,"column":6}},"503":{"start":{"line":504,"column":0},"end":{"line":504,"column":46}},"504":{"start":{"line":505,"column":0},"end":{"line":505,"column":62}},"505":{"start":{"line":506,"column":0},"end":{"line":506,"column":94}},"506":{"start":{"line":507,"column":0},"end":{"line":507,"column":0}},"507":{"start":{"line":508,"column":0},"end":{"line":508,"column":19}},"508":{"start":{"line":509,"column":0},"end":{"line":509,"column":81}},"509":{"start":{"line":510,"column":0},"end":{"line":510,"column":66}},"510":{"start":{"line":511,"column":0},"end":{"line":511,"column":14}},"511":{"start":{"line":512,"column":0},"end":{"line":512,"column":0}},"512":{"start":{"line":513,"column":0},"end":{"line":513,"column":52}},"513":{"start":{"line":514,"column":0},"end":{"line":514,"column":19}},"514":{"start":{"line":515,"column":0},"end":{"line":515,"column":69}},"515":{"start":{"line":516,"column":0},"end":{"line":516,"column":35}},"516":{"start":{"line":517,"column":0},"end":{"line":517,"column":70}},"517":{"start":{"line":518,"column":0},"end":{"line":518,"column":70}},"518":{"start":{"line":519,"column":0},"end":{"line":519,"column":66}},"519":{"start":{"line":520,"column":0},"end":{"line":520,"column":68}},"520":{"start":{"line":521,"column":0},"end":{"line":521,"column":60}},"521":{"start":{"line":522,"column":0},"end":{"line":522,"column":64}},"522":{"start":{"line":523,"column":0},"end":{"line":523,"column":64}},"523":{"start":{"line":524,"column":0},"end":{"line":524,"column":62}},"524":{"start":{"line":525,"column":0},"end":{"line":525,"column":13}},"525":{"start":{"line":526,"column":0},"end":{"line":526,"column":5}},"526":{"start":{"line":527,"column":0},"end":{"line":527,"column":82}},"527":{"start":{"line":528,"column":0},"end":{"line":528,"column":82}},"528":{"start":{"line":529,"column":0},"end":{"line":529,"column":74}},"529":{"start":{"line":530,"column":0},"end":{"line":530,"column":78}},"530":{"start":{"line":531,"column":0},"end":{"line":531,"column":68}},"531":{"start":{"line":532,"column":0},"end":{"line":532,"column":76}},"532":{"start":{"line":533,"column":0},"end":{"line":533,"column":76}},"533":{"start":{"line":534,"column":0},"end":{"line":534,"column":72}},"534":{"start":{"line":535,"column":0},"end":{"line":535,"column":31}},"535":{"start":{"line":536,"column":0},"end":{"line":536,"column":0}},"536":{"start":{"line":537,"column":0},"end":{"line":537,"column":40}},"537":{"start":{"line":538,"column":0},"end":{"line":538,"column":43}},"538":{"start":{"line":539,"column":0},"end":{"line":539,"column":73}},"539":{"start":{"line":540,"column":0},"end":{"line":540,"column":0}},"540":{"start":{"line":541,"column":0},"end":{"line":541,"column":19}},"541":{"start":{"line":542,"column":0},"end":{"line":542,"column":34}},"542":{"start":{"line":543,"column":0},"end":{"line":543,"column":39}},"543":{"start":{"line":544,"column":0},"end":{"line":544,"column":46}},"544":{"start":{"line":545,"column":0},"end":{"line":545,"column":29}},"545":{"start":{"line":546,"column":0},"end":{"line":546,"column":41}},"546":{"start":{"line":547,"column":0},"end":{"line":547,"column":44}},"547":{"start":{"line":548,"column":0},"end":{"line":548,"column":66}},"548":{"start":{"line":549,"column":0},"end":{"line":549,"column":70}},"549":{"start":{"line":550,"column":0},"end":{"line":550,"column":74}},"550":{"start":{"line":551,"column":0},"end":{"line":551,"column":67}},"551":{"start":{"line":552,"column":0},"end":{"line":552,"column":29}},"552":{"start":{"line":553,"column":0},"end":{"line":553,"column":68}},"553":{"start":{"line":554,"column":0},"end":{"line":554,"column":7}},"554":{"start":{"line":555,"column":0},"end":{"line":555,"column":14}},"555":{"start":{"line":556,"column":0},"end":{"line":556,"column":35}},"556":{"start":{"line":557,"column":0},"end":{"line":557,"column":9}},"557":{"start":{"line":558,"column":0},"end":{"line":558,"column":0}},"558":{"start":{"line":559,"column":0},"end":{"line":559,"column":19}},"559":{"start":{"line":560,"column":0},"end":{"line":560,"column":14}},"560":{"start":{"line":561,"column":0},"end":{"line":561,"column":40}},"561":{"start":{"line":562,"column":0},"end":{"line":562,"column":13}},"562":{"start":{"line":563,"column":0},"end":{"line":563,"column":21}},"563":{"start":{"line":564,"column":0},"end":{"line":564,"column":16}},"564":{"start":{"line":565,"column":0},"end":{"line":565,"column":32}},"565":{"start":{"line":566,"column":0},"end":{"line":566,"column":26}},"566":{"start":{"line":567,"column":0},"end":{"line":567,"column":48}},"567":{"start":{"line":568,"column":0},"end":{"line":568,"column":54}},"568":{"start":{"line":569,"column":0},"end":{"line":569,"column":7}},"569":{"start":{"line":570,"column":0},"end":{"line":570,"column":25}},"570":{"start":{"line":571,"column":0},"end":{"line":571,"column":11}},"571":{"start":{"line":572,"column":0},"end":{"line":572,"column":41}},"572":{"start":{"line":573,"column":0},"end":{"line":573,"column":19}},"573":{"start":{"line":574,"column":0},"end":{"line":574,"column":0}},"574":{"start":{"line":575,"column":0},"end":{"line":575,"column":39}},"575":{"start":{"line":576,"column":0},"end":{"line":576,"column":49}},"576":{"start":{"line":577,"column":0},"end":{"line":577,"column":58}},"577":{"start":{"line":578,"column":0},"end":{"line":578,"column":13}},"578":{"start":{"line":579,"column":0},"end":{"line":579,"column":5}},"579":{"start":{"line":580,"column":0},"end":{"line":580,"column":24}},"580":{"start":{"line":581,"column":0},"end":{"line":581,"column":67}},"581":{"start":{"line":582,"column":0},"end":{"line":582,"column":66}},"582":{"start":{"line":583,"column":0},"end":{"line":583,"column":27}},"583":{"start":{"line":584,"column":0},"end":{"line":584,"column":5}},"584":{"start":{"line":585,"column":0},"end":{"line":585,"column":62}},"585":{"start":{"line":586,"column":0},"end":{"line":586,"column":34}},"586":{"start":{"line":587,"column":0},"end":{"line":587,"column":13}},"587":{"start":{"line":588,"column":0},"end":{"line":588,"column":5}},"588":{"start":{"line":589,"column":0},"end":{"line":589,"column":25}},"589":{"start":{"line":590,"column":0},"end":{"line":590,"column":21}},"590":{"start":{"line":591,"column":0},"end":{"line":591,"column":86}},"591":{"start":{"line":592,"column":0},"end":{"line":592,"column":27}},"592":{"start":{"line":593,"column":0},"end":{"line":593,"column":34}},"593":{"start":{"line":594,"column":0},"end":{"line":594,"column":24}},"594":{"start":{"line":595,"column":0},"end":{"line":595,"column":5}},"595":{"start":{"line":596,"column":0},"end":{"line":596,"column":100}},"596":{"start":{"line":597,"column":0},"end":{"line":597,"column":0}},"597":{"start":{"line":598,"column":0},"end":{"line":598,"column":51}},"598":{"start":{"line":599,"column":0},"end":{"line":599,"column":33}},"599":{"start":{"line":600,"column":0},"end":{"line":600,"column":25}},"600":{"start":{"line":601,"column":0},"end":{"line":601,"column":21}},"601":{"start":{"line":602,"column":0},"end":{"line":602,"column":18}},"602":{"start":{"line":603,"column":0},"end":{"line":603,"column":20}},"603":{"start":{"line":604,"column":0},"end":{"line":604,"column":0}},"604":{"start":{"line":605,"column":0},"end":{"line":605,"column":36}},"605":{"start":{"line":606,"column":0},"end":{"line":606,"column":18}},"606":{"start":{"line":607,"column":0},"end":{"line":607,"column":21}},"607":{"start":{"line":608,"column":0},"end":{"line":608,"column":22}},"608":{"start":{"line":609,"column":0},"end":{"line":609,"column":40}},"609":{"start":{"line":610,"column":0},"end":{"line":610,"column":17}},"610":{"start":{"line":611,"column":0},"end":{"line":611,"column":20}},"611":{"start":{"line":612,"column":0},"end":{"line":612,"column":32}},"612":{"start":{"line":613,"column":0},"end":{"line":613,"column":0}},"613":{"start":{"line":614,"column":0},"end":{"line":614,"column":42}},"614":{"start":{"line":615,"column":0},"end":{"line":615,"column":46}},"615":{"start":{"line":616,"column":0},"end":{"line":616,"column":39}},"616":{"start":{"line":617,"column":0},"end":{"line":617,"column":13}},"617":{"start":{"line":618,"column":0},"end":{"line":618,"column":5}},"618":{"start":{"line":619,"column":0},"end":{"line":619,"column":39}},"619":{"start":{"line":620,"column":0},"end":{"line":620,"column":50}},"620":{"start":{"line":621,"column":0},"end":{"line":621,"column":85}},"621":{"start":{"line":622,"column":0},"end":{"line":622,"column":23}},"622":{"start":{"line":623,"column":0},"end":{"line":623,"column":61}},"623":{"start":{"line":624,"column":0},"end":{"line":624,"column":27}},"624":{"start":{"line":625,"column":0},"end":{"line":625,"column":66}},"625":{"start":{"line":626,"column":0},"end":{"line":626,"column":35}},"626":{"start":{"line":627,"column":0},"end":{"line":627,"column":12}},"627":{"start":{"line":628,"column":0},"end":{"line":628,"column":36}},"628":{"start":{"line":629,"column":0},"end":{"line":629,"column":5}},"629":{"start":{"line":630,"column":0},"end":{"line":630,"column":33}},"630":{"start":{"line":631,"column":0},"end":{"line":631,"column":0}},"631":{"start":{"line":632,"column":0},"end":{"line":632,"column":47}},"632":{"start":{"line":633,"column":0},"end":{"line":633,"column":120}},"633":{"start":{"line":634,"column":0},"end":{"line":634,"column":97}},"634":{"start":{"line":635,"column":0},"end":{"line":635,"column":16}},"635":{"start":{"line":636,"column":0},"end":{"line":636,"column":61}},"636":{"start":{"line":637,"column":0},"end":{"line":637,"column":73}},"637":{"start":{"line":638,"column":0},"end":{"line":638,"column":0}},"638":{"start":{"line":639,"column":0},"end":{"line":639,"column":38}},"639":{"start":{"line":640,"column":0},"end":{"line":640,"column":38}},"640":{"start":{"line":641,"column":0},"end":{"line":641,"column":109}},"641":{"start":{"line":642,"column":0},"end":{"line":642,"column":12}},"642":{"start":{"line":643,"column":0},"end":{"line":643,"column":61}},"643":{"start":{"line":644,"column":0},"end":{"line":644,"column":5}},"644":{"start":{"line":645,"column":0},"end":{"line":645,"column":9}},"645":{"start":{"line":646,"column":0},"end":{"line":646,"column":0}},"646":{"start":{"line":647,"column":0},"end":{"line":647,"column":66}},"647":{"start":{"line":648,"column":0},"end":{"line":648,"column":32}},"648":{"start":{"line":649,"column":0},"end":{"line":649,"column":52}},"649":{"start":{"line":650,"column":0},"end":{"line":650,"column":45}},"650":{"start":{"line":651,"column":0},"end":{"line":651,"column":0}},"651":{"start":{"line":652,"column":0},"end":{"line":652,"column":97}},"652":{"start":{"line":653,"column":0},"end":{"line":653,"column":21}},"653":{"start":{"line":654,"column":0},"end":{"line":654,"column":51}},"654":{"start":{"line":655,"column":0},"end":{"line":655,"column":51}},"655":{"start":{"line":656,"column":0},"end":{"line":656,"column":47}},"656":{"start":{"line":657,"column":0},"end":{"line":657,"column":49}},"657":{"start":{"line":658,"column":0},"end":{"line":658,"column":92}},"658":{"start":{"line":659,"column":0},"end":{"line":659,"column":96}},"659":{"start":{"line":660,"column":0},"end":{"line":660,"column":96}},"660":{"start":{"line":661,"column":0},"end":{"line":661,"column":94}},"661":{"start":{"line":662,"column":0},"end":{"line":662,"column":27}},"662":{"start":{"line":663,"column":0},"end":{"line":663,"column":0}},"663":{"start":{"line":664,"column":0},"end":{"line":664,"column":26}},"664":{"start":{"line":665,"column":0},"end":{"line":665,"column":31}},"665":{"start":{"line":666,"column":0},"end":{"line":666,"column":42}},"666":{"start":{"line":667,"column":0},"end":{"line":667,"column":0}},"667":{"start":{"line":668,"column":0},"end":{"line":668,"column":18}},"668":{"start":{"line":669,"column":0},"end":{"line":669,"column":12}},"669":{"start":{"line":670,"column":0},"end":{"line":670,"column":20}},"670":{"start":{"line":671,"column":0},"end":{"line":671,"column":31}},"671":{"start":{"line":672,"column":0},"end":{"line":672,"column":23}},"672":{"start":{"line":673,"column":0},"end":{"line":673,"column":37}},"673":{"start":{"line":674,"column":0},"end":{"line":674,"column":33}},"674":{"start":{"line":675,"column":0},"end":{"line":675,"column":58}},"675":{"start":{"line":676,"column":0},"end":{"line":676,"column":30}},"676":{"start":{"line":677,"column":0},"end":{"line":677,"column":34}},"677":{"start":{"line":678,"column":0},"end":{"line":678,"column":28}},"678":{"start":{"line":679,"column":0},"end":{"line":679,"column":10}},"679":{"start":{"line":680,"column":0},"end":{"line":680,"column":81}},"680":{"start":{"line":681,"column":0},"end":{"line":681,"column":8}},"681":{"start":{"line":682,"column":0},"end":{"line":682,"column":6}},"682":{"start":{"line":683,"column":0},"end":{"line":683,"column":3}},"683":{"start":{"line":684,"column":0},"end":{"line":684,"column":0}},"684":{"start":{"line":685,"column":0},"end":{"line":685,"column":10}},"685":{"start":{"line":686,"column":0},"end":{"line":686,"column":144}},"686":{"start":{"line":687,"column":0},"end":{"line":687,"column":80}},"687":{"start":{"line":688,"column":0},"end":{"line":688,"column":6}},"688":{"start":{"line":689,"column":0},"end":{"line":689,"column":194}},"689":{"start":{"line":690,"column":0},"end":{"line":690,"column":35}},"690":{"start":{"line":691,"column":0},"end":{"line":691,"column":35}},"691":{"start":{"line":692,"column":0},"end":{"line":692,"column":35}},"692":{"start":{"line":693,"column":0},"end":{"line":693,"column":0}},"693":{"start":{"line":694,"column":0},"end":{"line":694,"column":27}},"694":{"start":{"line":695,"column":0},"end":{"line":695,"column":0}},"695":{"start":{"line":696,"column":0},"end":{"line":696,"column":71}},"696":{"start":{"line":697,"column":0},"end":{"line":697,"column":67}},"697":{"start":{"line":698,"column":0},"end":{"line":698,"column":69}},"698":{"start":{"line":699,"column":0},"end":{"line":699,"column":0}},"699":{"start":{"line":700,"column":0},"end":{"line":700,"column":85}},"700":{"start":{"line":701,"column":0},"end":{"line":701,"column":0}},"701":{"start":{"line":702,"column":0},"end":{"line":702,"column":23}},"702":{"start":{"line":703,"column":0},"end":{"line":703,"column":41}},"703":{"start":{"line":704,"column":0},"end":{"line":704,"column":56}},"704":{"start":{"line":705,"column":0},"end":{"line":705,"column":32}},"705":{"start":{"line":706,"column":0},"end":{"line":706,"column":13}},"706":{"start":{"line":707,"column":0},"end":{"line":707,"column":8}},"707":{"start":{"line":708,"column":0},"end":{"line":708,"column":0}},"708":{"start":{"line":709,"column":0},"end":{"line":709,"column":22}},"709":{"start":{"line":710,"column":0},"end":{"line":710,"column":37}},"710":{"start":{"line":711,"column":0},"end":{"line":711,"column":167}},"711":{"start":{"line":712,"column":0},"end":{"line":712,"column":65}},"712":{"start":{"line":713,"column":0},"end":{"line":713,"column":17}},"713":{"start":{"line":714,"column":0},"end":{"line":714,"column":14}},"714":{"start":{"line":715,"column":0},"end":{"line":715,"column":8}},"715":{"start":{"line":716,"column":0},"end":{"line":716,"column":0}},"716":{"start":{"line":717,"column":0},"end":{"line":717,"column":80}},"717":{"start":{"line":718,"column":0},"end":{"line":718,"column":100}},"718":{"start":{"line":719,"column":0},"end":{"line":719,"column":0}},"719":{"start":{"line":720,"column":0},"end":{"line":720,"column":24}},"720":{"start":{"line":721,"column":0},"end":{"line":721,"column":23}},"721":{"start":{"line":722,"column":0},"end":{"line":722,"column":79}},"722":{"start":{"line":723,"column":0},"end":{"line":723,"column":43}},"723":{"start":{"line":724,"column":0},"end":{"line":724,"column":46}},"724":{"start":{"line":725,"column":0},"end":{"line":725,"column":47}},"725":{"start":{"line":726,"column":0},"end":{"line":726,"column":67}},"726":{"start":{"line":727,"column":0},"end":{"line":727,"column":41}},"727":{"start":{"line":728,"column":0},"end":{"line":728,"column":33}},"728":{"start":{"line":729,"column":0},"end":{"line":729,"column":53}},"729":{"start":{"line":730,"column":0},"end":{"line":730,"column":33}},"730":{"start":{"line":731,"column":0},"end":{"line":731,"column":60}},"731":{"start":{"line":732,"column":0},"end":{"line":732,"column":38}},"732":{"start":{"line":733,"column":0},"end":{"line":733,"column":49}},"733":{"start":{"line":734,"column":0},"end":{"line":734,"column":33}},"734":{"start":{"line":735,"column":0},"end":{"line":735,"column":41}},"735":{"start":{"line":736,"column":0},"end":{"line":736,"column":71}},"736":{"start":{"line":737,"column":0},"end":{"line":737,"column":50}},"737":{"start":{"line":738,"column":0},"end":{"line":738,"column":35}},"738":{"start":{"line":739,"column":0},"end":{"line":739,"column":24}},"739":{"start":{"line":740,"column":0},"end":{"line":740,"column":12}},"740":{"start":{"line":741,"column":0},"end":{"line":741,"column":10}},"741":{"start":{"line":742,"column":0},"end":{"line":742,"column":8}},"742":{"start":{"line":743,"column":0},"end":{"line":743,"column":0}},"743":{"start":{"line":744,"column":0},"end":{"line":744,"column":25}},"744":{"start":{"line":745,"column":0},"end":{"line":745,"column":23}},"745":{"start":{"line":746,"column":0},"end":{"line":746,"column":73}},"746":{"start":{"line":747,"column":0},"end":{"line":747,"column":49}},"747":{"start":{"line":748,"column":0},"end":{"line":748,"column":10}},"748":{"start":{"line":749,"column":0},"end":{"line":749,"column":8}},"749":{"start":{"line":750,"column":0},"end":{"line":750,"column":0}},"750":{"start":{"line":751,"column":0},"end":{"line":751,"column":27}},"751":{"start":{"line":752,"column":0},"end":{"line":752,"column":72}},"752":{"start":{"line":753,"column":0},"end":{"line":753,"column":8}},"753":{"start":{"line":754,"column":0},"end":{"line":754,"column":0}},"754":{"start":{"line":755,"column":0},"end":{"line":755,"column":37}},"755":{"start":{"line":756,"column":0},"end":{"line":756,"column":79}},"756":{"start":{"line":757,"column":0},"end":{"line":757,"column":76}},"757":{"start":{"line":758,"column":0},"end":{"line":758,"column":42}},"758":{"start":{"line":759,"column":0},"end":{"line":759,"column":65}},"759":{"start":{"line":760,"column":0},"end":{"line":760,"column":93}},"760":{"start":{"line":761,"column":0},"end":{"line":761,"column":18}},"761":{"start":{"line":762,"column":0},"end":{"line":762,"column":27}},"762":{"start":{"line":763,"column":0},"end":{"line":763,"column":34}},"763":{"start":{"line":764,"column":0},"end":{"line":764,"column":87}},"764":{"start":{"line":765,"column":0},"end":{"line":765,"column":35}},"765":{"start":{"line":766,"column":0},"end":{"line":766,"column":64}},"766":{"start":{"line":767,"column":0},"end":{"line":767,"column":36}},"767":{"start":{"line":768,"column":0},"end":{"line":768,"column":40}},"768":{"start":{"line":769,"column":0},"end":{"line":769,"column":16}},"769":{"start":{"line":770,"column":0},"end":{"line":770,"column":14}},"770":{"start":{"line":771,"column":0},"end":{"line":771,"column":16}},"771":{"start":{"line":772,"column":0},"end":{"line":772,"column":14}},"772":{"start":{"line":773,"column":0},"end":{"line":773,"column":8}},"773":{"start":{"line":774,"column":0},"end":{"line":774,"column":0}},"774":{"start":{"line":775,"column":0},"end":{"line":775,"column":18}},"775":{"start":{"line":776,"column":0},"end":{"line":776,"column":39}},"776":{"start":{"line":777,"column":0},"end":{"line":777,"column":38}},"777":{"start":{"line":778,"column":0},"end":{"line":778,"column":55}},"778":{"start":{"line":779,"column":0},"end":{"line":779,"column":44}},"779":{"start":{"line":780,"column":0},"end":{"line":780,"column":46}},"780":{"start":{"line":781,"column":0},"end":{"line":781,"column":62}},"781":{"start":{"line":782,"column":0},"end":{"line":782,"column":82}},"782":{"start":{"line":783,"column":0},"end":{"line":783,"column":20}},"783":{"start":{"line":784,"column":0},"end":{"line":784,"column":24}},"784":{"start":{"line":785,"column":0},"end":{"line":785,"column":48}},"785":{"start":{"line":786,"column":0},"end":{"line":786,"column":67}},"786":{"start":{"line":787,"column":0},"end":{"line":787,"column":85}},"787":{"start":{"line":788,"column":0},"end":{"line":788,"column":22}},"788":{"start":{"line":789,"column":0},"end":{"line":789,"column":16}},"789":{"start":{"line":790,"column":0},"end":{"line":790,"column":46}},"790":{"start":{"line":791,"column":0},"end":{"line":791,"column":62}},"791":{"start":{"line":792,"column":0},"end":{"line":792,"column":92}},"792":{"start":{"line":793,"column":0},"end":{"line":793,"column":20}},"793":{"start":{"line":794,"column":0},"end":{"line":794,"column":46}},"794":{"start":{"line":795,"column":0},"end":{"line":795,"column":63}},"795":{"start":{"line":796,"column":0},"end":{"line":796,"column":142}},"796":{"start":{"line":797,"column":0},"end":{"line":797,"column":20}},"797":{"start":{"line":798,"column":0},"end":{"line":798,"column":46}},"798":{"start":{"line":799,"column":0},"end":{"line":799,"column":62}},"799":{"start":{"line":800,"column":0},"end":{"line":800,"column":140}},"800":{"start":{"line":801,"column":0},"end":{"line":801,"column":20}},"801":{"start":{"line":802,"column":0},"end":{"line":802,"column":66}},"802":{"start":{"line":803,"column":0},"end":{"line":803,"column":48}},"803":{"start":{"line":804,"column":0},"end":{"line":804,"column":65}},"804":{"start":{"line":805,"column":0},"end":{"line":805,"column":135}},"805":{"start":{"line":806,"column":0},"end":{"line":806,"column":22}},"806":{"start":{"line":807,"column":0},"end":{"line":807,"column":16}},"807":{"start":{"line":808,"column":0},"end":{"line":808,"column":70}},"808":{"start":{"line":809,"column":0},"end":{"line":809,"column":48}},"809":{"start":{"line":810,"column":0},"end":{"line":810,"column":69}},"810":{"start":{"line":811,"column":0},"end":{"line":811,"column":137}},"811":{"start":{"line":812,"column":0},"end":{"line":812,"column":22}},"812":{"start":{"line":813,"column":0},"end":{"line":813,"column":16}},"813":{"start":{"line":814,"column":0},"end":{"line":814,"column":59}},"814":{"start":{"line":815,"column":0},"end":{"line":815,"column":48}},"815":{"start":{"line":816,"column":0},"end":{"line":816,"column":65}},"816":{"start":{"line":817,"column":0},"end":{"line":817,"column":105}},"817":{"start":{"line":818,"column":0},"end":{"line":818,"column":22}},"818":{"start":{"line":819,"column":0},"end":{"line":819,"column":16}},"819":{"start":{"line":820,"column":0},"end":{"line":820,"column":18}},"820":{"start":{"line":821,"column":0},"end":{"line":821,"column":79}},"821":{"start":{"line":822,"column":0},"end":{"line":822,"column":100}},"822":{"start":{"line":823,"column":0},"end":{"line":823,"column":29}},"823":{"start":{"line":824,"column":0},"end":{"line":824,"column":31}},"824":{"start":{"line":825,"column":0},"end":{"line":825,"column":55}},"825":{"start":{"line":826,"column":0},"end":{"line":826,"column":33}},"826":{"start":{"line":827,"column":0},"end":{"line":827,"column":48}},"827":{"start":{"line":828,"column":0},"end":{"line":828,"column":21}},"828":{"start":{"line":829,"column":0},"end":{"line":829,"column":128}},"829":{"start":{"line":830,"column":0},"end":{"line":830,"column":64}},"830":{"start":{"line":831,"column":0},"end":{"line":831,"column":77}},"831":{"start":{"line":832,"column":0},"end":{"line":832,"column":23}},"832":{"start":{"line":833,"column":0},"end":{"line":833,"column":90}},"833":{"start":{"line":834,"column":0},"end":{"line":834,"column":74}},"834":{"start":{"line":835,"column":0},"end":{"line":835,"column":23}},"835":{"start":{"line":836,"column":0},"end":{"line":836,"column":140}},"836":{"start":{"line":837,"column":0},"end":{"line":837,"column":39}},"837":{"start":{"line":838,"column":0},"end":{"line":838,"column":23}},"838":{"start":{"line":839,"column":0},"end":{"line":839,"column":18}},"839":{"start":{"line":840,"column":0},"end":{"line":840,"column":151}},"840":{"start":{"line":841,"column":0},"end":{"line":841,"column":151}},"841":{"start":{"line":842,"column":0},"end":{"line":842,"column":16}},"842":{"start":{"line":843,"column":0},"end":{"line":843,"column":14}},"843":{"start":{"line":844,"column":0},"end":{"line":844,"column":8}},"844":{"start":{"line":845,"column":0},"end":{"line":845,"column":0}},"845":{"start":{"line":846,"column":0},"end":{"line":846,"column":27}},"846":{"start":{"line":847,"column":0},"end":{"line":847,"column":81}},"847":{"start":{"line":848,"column":0},"end":{"line":848,"column":76}},"848":{"start":{"line":849,"column":0},"end":{"line":849,"column":42}},"849":{"start":{"line":850,"column":0},"end":{"line":850,"column":67}},"850":{"start":{"line":851,"column":0},"end":{"line":851,"column":18}},"851":{"start":{"line":852,"column":0},"end":{"line":852,"column":142}},"852":{"start":{"line":853,"column":0},"end":{"line":853,"column":53}},"853":{"start":{"line":854,"column":0},"end":{"line":854,"column":121}},"854":{"start":{"line":855,"column":0},"end":{"line":855,"column":170}},"855":{"start":{"line":856,"column":0},"end":{"line":856,"column":18}},"856":{"start":{"line":857,"column":0},"end":{"line":857,"column":16}},"857":{"start":{"line":858,"column":0},"end":{"line":858,"column":14}},"858":{"start":{"line":859,"column":0},"end":{"line":859,"column":8}},"859":{"start":{"line":860,"column":0},"end":{"line":860,"column":0}},"860":{"start":{"line":861,"column":0},"end":{"line":861,"column":61}},"861":{"start":{"line":862,"column":0},"end":{"line":862,"column":139}},"862":{"start":{"line":863,"column":0},"end":{"line":863,"column":121}},"863":{"start":{"line":864,"column":0},"end":{"line":864,"column":30}},"864":{"start":{"line":865,"column":0},"end":{"line":865,"column":136}},"865":{"start":{"line":866,"column":0},"end":{"line":866,"column":150}},"866":{"start":{"line":867,"column":0},"end":{"line":867,"column":18}},"867":{"start":{"line":868,"column":0},"end":{"line":868,"column":205}},"868":{"start":{"line":869,"column":0},"end":{"line":869,"column":17}},"869":{"start":{"line":870,"column":0},"end":{"line":870,"column":15}},"870":{"start":{"line":871,"column":0},"end":{"line":871,"column":100}},"871":{"start":{"line":872,"column":0},"end":{"line":872,"column":86}},"872":{"start":{"line":873,"column":0},"end":{"line":873,"column":36}},"873":{"start":{"line":874,"column":0},"end":{"line":874,"column":44}},"874":{"start":{"line":875,"column":0},"end":{"line":875,"column":103}},"875":{"start":{"line":876,"column":0},"end":{"line":876,"column":111}},"876":{"start":{"line":877,"column":0},"end":{"line":877,"column":11}},"877":{"start":{"line":878,"column":0},"end":{"line":878,"column":14}},"878":{"start":{"line":879,"column":0},"end":{"line":879,"column":15}},"879":{"start":{"line":880,"column":0},"end":{"line":880,"column":0}},"880":{"start":{"line":881,"column":0},"end":{"line":881,"column":81}},"881":{"start":{"line":882,"column":0},"end":{"line":882,"column":96}},"882":{"start":{"line":883,"column":0},"end":{"line":883,"column":8}},"883":{"start":{"line":884,"column":0},"end":{"line":884,"column":0}},"884":{"start":{"line":885,"column":0},"end":{"line":885,"column":36}},"885":{"start":{"line":886,"column":0},"end":{"line":886,"column":25}},"886":{"start":{"line":887,"column":0},"end":{"line":887,"column":23}},"887":{"start":{"line":888,"column":0},"end":{"line":888,"column":43}},"888":{"start":{"line":889,"column":0},"end":{"line":889,"column":48}},"889":{"start":{"line":890,"column":0},"end":{"line":890,"column":48}},"890":{"start":{"line":891,"column":0},"end":{"line":891,"column":46}},"891":{"start":{"line":892,"column":0},"end":{"line":892,"column":10}},"892":{"start":{"line":893,"column":0},"end":{"line":893,"column":8}},"893":{"start":{"line":894,"column":0},"end":{"line":894,"column":77}},"894":{"start":{"line":895,"column":0},"end":{"line":895,"column":29}},"895":{"start":{"line":896,"column":0},"end":{"line":896,"column":18}},"896":{"start":{"line":897,"column":0},"end":{"line":897,"column":21}},"897":{"start":{"line":898,"column":0},"end":{"line":898,"column":79}},"898":{"start":{"line":899,"column":0},"end":{"line":899,"column":43}},"899":{"start":{"line":900,"column":0},"end":{"line":900,"column":27}},"900":{"start":{"line":901,"column":0},"end":{"line":901,"column":30}},"901":{"start":{"line":902,"column":0},"end":{"line":902,"column":37}},"902":{"start":{"line":903,"column":0},"end":{"line":903,"column":37}},"903":{"start":{"line":904,"column":0},"end":{"line":904,"column":44}},"904":{"start":{"line":905,"column":0},"end":{"line":905,"column":44}},"905":{"start":{"line":906,"column":0},"end":{"line":906,"column":35}},"906":{"start":{"line":907,"column":0},"end":{"line":907,"column":10}},"907":{"start":{"line":908,"column":0},"end":{"line":908,"column":8}},"908":{"start":{"line":909,"column":0},"end":{"line":909,"column":0}},"909":{"start":{"line":910,"column":0},"end":{"line":910,"column":29}},"910":{"start":{"line":911,"column":0},"end":{"line":911,"column":20}},"911":{"start":{"line":912,"column":0},"end":{"line":912,"column":33}},"912":{"start":{"line":913,"column":0},"end":{"line":913,"column":41}},"913":{"start":{"line":914,"column":0},"end":{"line":914,"column":40}},"914":{"start":{"line":915,"column":0},"end":{"line":915,"column":48}},"915":{"start":{"line":916,"column":0},"end":{"line":916,"column":21}},"916":{"start":{"line":917,"column":0},"end":{"line":917,"column":27}},"917":{"start":{"line":918,"column":0},"end":{"line":918,"column":29}},"918":{"start":{"line":919,"column":0},"end":{"line":919,"column":35}},"919":{"start":{"line":920,"column":0},"end":{"line":920,"column":33}},"920":{"start":{"line":921,"column":0},"end":{"line":921,"column":39}},"921":{"start":{"line":922,"column":0},"end":{"line":922,"column":31}},"922":{"start":{"line":923,"column":0},"end":{"line":923,"column":37}},"923":{"start":{"line":924,"column":0},"end":{"line":924,"column":37}},"924":{"start":{"line":925,"column":0},"end":{"line":925,"column":43}},"925":{"start":{"line":926,"column":0},"end":{"line":926,"column":28}},"926":{"start":{"line":927,"column":0},"end":{"line":927,"column":44}},"927":{"start":{"line":928,"column":0},"end":{"line":928,"column":82}},"928":{"start":{"line":929,"column":0},"end":{"line":929,"column":42}},"929":{"start":{"line":930,"column":0},"end":{"line":930,"column":48}},"930":{"start":{"line":931,"column":0},"end":{"line":931,"column":39}},"931":{"start":{"line":932,"column":0},"end":{"line":932,"column":39}},"932":{"start":{"line":933,"column":0},"end":{"line":933,"column":49}},"933":{"start":{"line":934,"column":0},"end":{"line":934,"column":157}},"934":{"start":{"line":935,"column":0},"end":{"line":935,"column":47}},"935":{"start":{"line":936,"column":0},"end":{"line":936,"column":45}},"936":{"start":{"line":937,"column":0},"end":{"line":937,"column":10}},"937":{"start":{"line":938,"column":0},"end":{"line":938,"column":8}},"938":{"start":{"line":939,"column":0},"end":{"line":939,"column":0}},"939":{"start":{"line":940,"column":0},"end":{"line":940,"column":49}},"940":{"start":{"line":941,"column":0},"end":{"line":941,"column":0}},"941":{"start":{"line":942,"column":0},"end":{"line":942,"column":19}},"942":{"start":{"line":943,"column":0},"end":{"line":943,"column":19}},"943":{"start":{"line":944,"column":0},"end":{"line":944,"column":284}},"944":{"start":{"line":945,"column":0},"end":{"line":945,"column":284}},"945":{"start":{"line":946,"column":0},"end":{"line":946,"column":36}},"946":{"start":{"line":947,"column":0},"end":{"line":947,"column":29}},"947":{"start":{"line":948,"column":0},"end":{"line":948,"column":33}},"948":{"start":{"line":949,"column":0},"end":{"line":949,"column":112}},"949":{"start":{"line":950,"column":0},"end":{"line":950,"column":53}},"950":{"start":{"line":951,"column":0},"end":{"line":951,"column":25}},"951":{"start":{"line":952,"column":0},"end":{"line":952,"column":25}},"952":{"start":{"line":953,"column":0},"end":{"line":953,"column":43}},"953":{"start":{"line":954,"column":0},"end":{"line":954,"column":27}},"954":{"start":{"line":955,"column":0},"end":{"line":955,"column":53}},"955":{"start":{"line":956,"column":0},"end":{"line":956,"column":31}},"956":{"start":{"line":957,"column":0},"end":{"line":957,"column":49}},"957":{"start":{"line":958,"column":0},"end":{"line":958,"column":42}},"958":{"start":{"line":959,"column":0},"end":{"line":959,"column":55}},"959":{"start":{"line":960,"column":0},"end":{"line":960,"column":36}},"960":{"start":{"line":961,"column":0},"end":{"line":961,"column":62}},"961":{"start":{"line":962,"column":0},"end":{"line":962,"column":21}},"962":{"start":{"line":963,"column":0},"end":{"line":963,"column":32}},"963":{"start":{"line":964,"column":0},"end":{"line":964,"column":42}},"964":{"start":{"line":965,"column":0},"end":{"line":965,"column":29}},"965":{"start":{"line":966,"column":0},"end":{"line":966,"column":67}},"966":{"start":{"line":967,"column":0},"end":{"line":967,"column":12}},"967":{"start":{"line":968,"column":0},"end":{"line":968,"column":42}},"968":{"start":{"line":969,"column":0},"end":{"line":969,"column":44}},"969":{"start":{"line":970,"column":0},"end":{"line":970,"column":32}},"970":{"start":{"line":971,"column":0},"end":{"line":971,"column":58}},"971":{"start":{"line":972,"column":0},"end":{"line":972,"column":30}},"972":{"start":{"line":973,"column":0},"end":{"line":973,"column":50}},"973":{"start":{"line":974,"column":0},"end":{"line":974,"column":46}},"974":{"start":{"line":975,"column":0},"end":{"line":975,"column":46}},"975":{"start":{"line":976,"column":0},"end":{"line":976,"column":10}},"976":{"start":{"line":977,"column":0},"end":{"line":977,"column":8}},"977":{"start":{"line":978,"column":0},"end":{"line":978,"column":0}},"978":{"start":{"line":979,"column":0},"end":{"line":979,"column":42}},"979":{"start":{"line":980,"column":0},"end":{"line":980,"column":29}},"980":{"start":{"line":981,"column":0},"end":{"line":981,"column":52}},"981":{"start":{"line":982,"column":0},"end":{"line":982,"column":48}},"982":{"start":{"line":983,"column":0},"end":{"line":983,"column":43}},"983":{"start":{"line":984,"column":0},"end":{"line":984,"column":151}},"984":{"start":{"line":985,"column":0},"end":{"line":985,"column":35}},"985":{"start":{"line":986,"column":0},"end":{"line":986,"column":20}},"986":{"start":{"line":987,"column":0},"end":{"line":987,"column":98}},"987":{"start":{"line":988,"column":0},"end":{"line":988,"column":18}},"988":{"start":{"line":989,"column":0},"end":{"line":989,"column":16}},"989":{"start":{"line":990,"column":0},"end":{"line":990,"column":36}},"990":{"start":{"line":991,"column":0},"end":{"line":991,"column":47}},"991":{"start":{"line":992,"column":0},"end":{"line":992,"column":83}},"992":{"start":{"line":993,"column":0},"end":{"line":993,"column":16}},"993":{"start":{"line":994,"column":0},"end":{"line":994,"column":36}},"994":{"start":{"line":995,"column":0},"end":{"line":995,"column":48}},"995":{"start":{"line":996,"column":0},"end":{"line":996,"column":118}},"996":{"start":{"line":997,"column":0},"end":{"line":997,"column":16}},"997":{"start":{"line":998,"column":0},"end":{"line":998,"column":53}},"998":{"start":{"line":999,"column":0},"end":{"line":999,"column":107}},"999":{"start":{"line":1000,"column":0},"end":{"line":1000,"column":16}},"1000":{"start":{"line":1001,"column":0},"end":{"line":1001,"column":14}},"1001":{"start":{"line":1002,"column":0},"end":{"line":1002,"column":8}},"1002":{"start":{"line":1003,"column":0},"end":{"line":1003,"column":0}},"1003":{"start":{"line":1004,"column":0},"end":{"line":1004,"column":33}},"1004":{"start":{"line":1005,"column":0},"end":{"line":1005,"column":34}},"1005":{"start":{"line":1006,"column":0},"end":{"line":1006,"column":118}},"1006":{"start":{"line":1007,"column":0},"end":{"line":1007,"column":14}},"1007":{"start":{"line":1008,"column":0},"end":{"line":1008,"column":8}},"1008":{"start":{"line":1009,"column":0},"end":{"line":1009,"column":0}},"1009":{"start":{"line":1010,"column":0},"end":{"line":1010,"column":33}},"1010":{"start":{"line":1011,"column":0},"end":{"line":1011,"column":35}},"1011":{"start":{"line":1012,"column":0},"end":{"line":1012,"column":37}},"1012":{"start":{"line":1013,"column":0},"end":{"line":1013,"column":10}},"1013":{"start":{"line":1014,"column":0},"end":{"line":1014,"column":37}},"1014":{"start":{"line":1015,"column":0},"end":{"line":1015,"column":40}},"1015":{"start":{"line":1016,"column":0},"end":{"line":1016,"column":23}},"1016":{"start":{"line":1017,"column":0},"end":{"line":1017,"column":43}},"1017":{"start":{"line":1018,"column":0},"end":{"line":1018,"column":49}},"1018":{"start":{"line":1019,"column":0},"end":{"line":1019,"column":61}},"1019":{"start":{"line":1020,"column":0},"end":{"line":1020,"column":37}},"1020":{"start":{"line":1021,"column":0},"end":{"line":1021,"column":31}},"1021":{"start":{"line":1022,"column":0},"end":{"line":1022,"column":39}},"1022":{"start":{"line":1023,"column":0},"end":{"line":1023,"column":35}},"1023":{"start":{"line":1024,"column":0},"end":{"line":1024,"column":45}},"1024":{"start":{"line":1025,"column":0},"end":{"line":1025,"column":36}},"1025":{"start":{"line":1026,"column":0},"end":{"line":1026,"column":32}},"1026":{"start":{"line":1027,"column":0},"end":{"line":1027,"column":49}},"1027":{"start":{"line":1028,"column":0},"end":{"line":1028,"column":35}},"1028":{"start":{"line":1029,"column":0},"end":{"line":1029,"column":46}},"1029":{"start":{"line":1030,"column":0},"end":{"line":1030,"column":43}},"1030":{"start":{"line":1031,"column":0},"end":{"line":1031,"column":34}},"1031":{"start":{"line":1032,"column":0},"end":{"line":1032,"column":88}},"1032":{"start":{"line":1033,"column":0},"end":{"line":1033,"column":31}},"1033":{"start":{"line":1034,"column":0},"end":{"line":1034,"column":46}},"1034":{"start":{"line":1035,"column":0},"end":{"line":1035,"column":62}},"1035":{"start":{"line":1036,"column":0},"end":{"line":1036,"column":16}},"1036":{"start":{"line":1037,"column":0},"end":{"line":1037,"column":18}},"1037":{"start":{"line":1038,"column":0},"end":{"line":1038,"column":12}},"1038":{"start":{"line":1039,"column":0},"end":{"line":1039,"column":10}},"1039":{"start":{"line":1040,"column":0},"end":{"line":1040,"column":73}},"1040":{"start":{"line":1041,"column":0},"end":{"line":1041,"column":73}},"1041":{"start":{"line":1042,"column":0},"end":{"line":1042,"column":77}},"1042":{"start":{"line":1043,"column":0},"end":{"line":1043,"column":83}},"1043":{"start":{"line":1044,"column":0},"end":{"line":1044,"column":83}},"1044":{"start":{"line":1045,"column":0},"end":{"line":1045,"column":87}},"1045":{"start":{"line":1046,"column":0},"end":{"line":1046,"column":0}},"1046":{"start":{"line":1047,"column":0},"end":{"line":1047,"column":63}},"1047":{"start":{"line":1048,"column":0},"end":{"line":1048,"column":99}},"1048":{"start":{"line":1049,"column":0},"end":{"line":1049,"column":87}},"1049":{"start":{"line":1050,"column":0},"end":{"line":1050,"column":94}},"1050":{"start":{"line":1051,"column":0},"end":{"line":1051,"column":78}},"1051":{"start":{"line":1052,"column":0},"end":{"line":1052,"column":88}},"1052":{"start":{"line":1053,"column":0},"end":{"line":1053,"column":71}},"1053":{"start":{"line":1054,"column":0},"end":{"line":1054,"column":43}},"1054":{"start":{"line":1055,"column":0},"end":{"line":1055,"column":68}},"1055":{"start":{"line":1056,"column":0},"end":{"line":1056,"column":33}},"1056":{"start":{"line":1057,"column":0},"end":{"line":1057,"column":39}},"1057":{"start":{"line":1058,"column":0},"end":{"line":1058,"column":65}},"1058":{"start":{"line":1059,"column":0},"end":{"line":1059,"column":65}},"1059":{"start":{"line":1060,"column":0},"end":{"line":1060,"column":60}},"1060":{"start":{"line":1061,"column":0},"end":{"line":1061,"column":60}},"1061":{"start":{"line":1062,"column":0},"end":{"line":1062,"column":48}},"1062":{"start":{"line":1063,"column":0},"end":{"line":1063,"column":39}},"1063":{"start":{"line":1064,"column":0},"end":{"line":1064,"column":74}},"1064":{"start":{"line":1065,"column":0},"end":{"line":1065,"column":57}},"1065":{"start":{"line":1066,"column":0},"end":{"line":1066,"column":44}},"1066":{"start":{"line":1067,"column":0},"end":{"line":1067,"column":26}},"1067":{"start":{"line":1068,"column":0},"end":{"line":1068,"column":20}},"1068":{"start":{"line":1069,"column":0},"end":{"line":1069,"column":66}},"1069":{"start":{"line":1070,"column":0},"end":{"line":1070,"column":101}},"1070":{"start":{"line":1071,"column":0},"end":{"line":1071,"column":89}},"1071":{"start":{"line":1072,"column":0},"end":{"line":1072,"column":96}},"1072":{"start":{"line":1073,"column":0},"end":{"line":1073,"column":64}},"1073":{"start":{"line":1074,"column":0},"end":{"line":1074,"column":90}},"1074":{"start":{"line":1075,"column":0},"end":{"line":1075,"column":73}},"1075":{"start":{"line":1076,"column":0},"end":{"line":1076,"column":45}},"1076":{"start":{"line":1077,"column":0},"end":{"line":1077,"column":70}},"1077":{"start":{"line":1078,"column":0},"end":{"line":1078,"column":35}},"1078":{"start":{"line":1079,"column":0},"end":{"line":1079,"column":67}},"1079":{"start":{"line":1080,"column":0},"end":{"line":1080,"column":67}},"1080":{"start":{"line":1081,"column":0},"end":{"line":1081,"column":62}},"1081":{"start":{"line":1082,"column":0},"end":{"line":1082,"column":62}},"1082":{"start":{"line":1083,"column":0},"end":{"line":1083,"column":50}},"1083":{"start":{"line":1084,"column":0},"end":{"line":1084,"column":41}},"1084":{"start":{"line":1085,"column":0},"end":{"line":1085,"column":76}},"1085":{"start":{"line":1086,"column":0},"end":{"line":1086,"column":58}},"1086":{"start":{"line":1087,"column":0},"end":{"line":1087,"column":46}},"1087":{"start":{"line":1088,"column":0},"end":{"line":1088,"column":28}},"1088":{"start":{"line":1089,"column":0},"end":{"line":1089,"column":26}},"1089":{"start":{"line":1090,"column":0},"end":{"line":1090,"column":8}},"1090":{"start":{"line":1091,"column":0},"end":{"line":1091,"column":0}},"1091":{"start":{"line":1092,"column":0},"end":{"line":1092,"column":29}},"1092":{"start":{"line":1093,"column":0},"end":{"line":1093,"column":35}},"1093":{"start":{"line":1094,"column":0},"end":{"line":1094,"column":38}},"1094":{"start":{"line":1095,"column":0},"end":{"line":1095,"column":89}},"1095":{"start":{"line":1096,"column":0},"end":{"line":1096,"column":12}},"1096":{"start":{"line":1097,"column":0},"end":{"line":1097,"column":167}},"1097":{"start":{"line":1098,"column":0},"end":{"line":1098,"column":134}},"1098":{"start":{"line":1099,"column":0},"end":{"line":1099,"column":17}},"1099":{"start":{"line":1100,"column":0},"end":{"line":1100,"column":8}},"1100":{"start":{"line":1101,"column":0},"end":{"line":1101,"column":10}},"1101":{"start":{"line":1102,"column":0},"end":{"line":1102,"column":4}},"1102":{"start":{"line":1103,"column":0},"end":{"line":1103,"column":1}}},"s":{"0":0,"1":0,"2":0,"3":0,"4":0,"5":0,"6":0,"7":0,"8":0,"9":0,"10":0,"11":0,"12":0,"13":0,"14":0,"15":0,"16":0,"17":0,"18":0,"19":0,"20":0,"21":0,"22":0,"23":0,"24":0,"25":0,"26":0,"27":0,"28":0,"29":0,"30":0,"31":0,"32":0,"33":0,"34":0,"35":0,"36":0,"37":0,"38":0,"39":0,"40":0,"41":0,"42":0,"43":0,"44":0,"45":0,"46":0,"47":0,"48":0,"49":0,"50":0,"51":0,"52":0,"53":0,"54":0,"55":0,"56":0,"57":0,"58":0,"59":0,"60":0,"61":0,"62":0,"63":0,"64":0,"65":0,"66":0,"67":0,"68":0,"69":0,"70":0,"71":0,"72":0,"73":0,"74":0,"75":0,"76":0,"77":0,"78":0,"79":0,"80":0,"81":0,"82":0,"83":0,"84":0,"85":0,"86":0,"87":0,"88":0,"89":0,"90":0,"91":0,"92":0,"93":0,"94":0,"95":0,"96":0,"97":0,"98":0,"99":0,"100":0,"101":0,"102":0,"103":0,"104":0,"105":0,"106":0,"107":0,"108":0,"109":0,"110":0,"111":0,"112":0,"113":0,"114":0,"115":0,"116":0,"117":0,"118":0,"119":0,"120":0,"121":0,"122":0,"123":0,"124":0,"125":0,"126":0,"127":0,"128":0,"129":0,"130":0,"131":0,"132":0,"133":0,"134":0,"135":0,"136":0,"137":0,"138":0,"139":0,"140":0,"141":0,"142":0,"143":0,"144":0,"145":0,"146":0,"147":0,"148":0,"149":0,"150":0,"151":0,"152":0,"153":0,"154":0,"155":0,"156":0,"157":0,"158":0,"159":0,"160":0,"161":0,"162":0,"163":0,"164":0,"165":0,"166":0,"167":0,"168":0,"169":0,"170":0,"171":0,"172":0,"173":0,"174":0,"175":0,"176":0,"177":0,"178":0,"179":0,"180":0,"181":0,"182":0,"183":0,"184":0,"185":0,"186":0,"187":0,"188":0,"189":0,"190":0,"191":0,"192":0,"193":0,"194":0,"195":0,"196":0,"197":0,"198":0,"199":0,"200":0,"201":0,"202":0,"203":0,"204":0,"205":0,"206":0,"207":0,"208":0,"209":0,"210":0,"211"
[...]
lumn":36}},"76":{"start":{"line":77,"column":0},"end":{"line":77,"column":44}},"77":{"start":{"line":78,"column":0},"end":{"line":78,"column":59}},"78":{"start":{"line":79,"column":0},"end":{"line":79,"column":70}},"79":{"start":{"line":80,"column":0},"end":{"line":80,"column":89}},"80":{"start":{"line":81,"column":0},"end":{"line":81,"column":33}},"81":{"start":{"line":82,"column":0},"end":{"line":82,"column":42}},"82":{"start":{"line":83,"column":0},"end":{"line":83,"column":30}},"83":{"start":{"line":84,"column":0},"end":{"line":84,"column":46}},"84":{"start":{"line":85,"column":0},"end":{"line":85,"column":5}},"85":{"start":{"line":86,"column":0},"end":{"line":86,"column":14}},"86":{"start":{"line":87,"column":0},"end":{"line":87,"column":9}},"87":{"start":{"line":88,"column":0},"end":{"line":88,"column":0}},"88":{"start":{"line":89,"column":0},"end":{"line":89,"column":27}},"89":{"start":{"line":90,"column":0},"end":{"line":90,"column":19}},"90":{"start":{"line":91,"column":0},"end":{"line":91,"column":25}},"91":{"start":{"line":92,"column":0},"end":{"line":92,"column":0}},"92":{"start":{"line":93,"column":0},"end":{"line":93,"column":75}},"93":{"start":{"line":94,"column":0},"end":{"line":94,"column":0}},"94":{"start":{"line":95,"column":0},"end":{"line":95,"column":49}},"95":{"start":{"line":96,"column":0},"end":{"line":96,"column":27}},"96":{"start":{"line":97,"column":0},"end":{"line":97,"column":52}},"97":{"start":{"line":98,"column":0},"end":{"line":98,"column":0}},"98":{"start":{"line":99,"column":0},"end":{"line":99,"column":74}},"99":{"start":{"line":100,"column":0},"end":{"line":100,"column":36}},"100":{"start":{"line":101,"column":0},"end":{"line":101,"column":66}},"101":{"start":{"line":102,"column":0},"end":{"line":102,"column":13}},"102":{"start":{"line":103,"column":0},"end":{"line":103,"column":0}},"103":{"start":{"line":104,"column":0},"end":{"line":104,"column":58}},"104":{"start":{"line":105,"column":0},"end":{"line":105,"column":31}},"105":{"start":{"line":106,"column":0},"end":{"line":106,"column":27}},"106":{"start":{"line":107,"column":0},"end":{"line":107,"column":0}},"107":{"start":{"line":108,"column":0},"end":{"line":108,"column":77}},"108":{"start":{"line":109,"column":0},"end":{"line":109,"column":60}},"109":{"start":{"line":110,"column":0},"end":{"line":110,"column":71}},"110":{"start":{"line":111,"column":0},"end":{"line":111,"column":0}},"111":{"start":{"line":112,"column":0},"end":{"line":112,"column":21}},"112":{"start":{"line":113,"column":0},"end":{"line":113,"column":45}},"113":{"start":{"line":114,"column":0},"end":{"line":114,"column":84}},"114":{"start":{"line":115,"column":0},"end":{"line":115,"column":46}},"115":{"start":{"line":116,"column":0},"end":{"line":116,"column":66}},"116":{"start":{"line":117,"column":0},"end":{"line":117,"column":55}},"117":{"start":{"line":118,"column":0},"end":{"line":118,"column":46}},"118":{"start":{"line":119,"column":0},"end":{"line":119,"column":42}},"119":{"start":{"line":120,"column":0},"end":{"line":120,"column":22}},"120":{"start":{"line":121,"column":0},"end":{"line":121,"column":9}},"121":{"start":{"line":122,"column":0},"end":{"line":122,"column":0}},"122":{"start":{"line":123,"column":0},"end":{"line":123,"column":91}},"123":{"start":{"line":124,"column":0},"end":{"line":124,"column":91}},"124":{"start":{"line":125,"column":0},"end":{"line":125,"column":74}},"125":{"start":{"line":126,"column":0},"end":{"line":126,"column":49}},"126":{"start":{"line":127,"column":0},"end":{"line":127,"column":45}},"127":{"start":{"line":128,"column":0},"end":{"line":128,"column":50}},"128":{"start":{"line":129,"column":0},"end":{"line":129,"column":96}},"129":{"start":{"line":130,"column":0},"end":{"line":130,"column":83}},"130":{"start":{"line":131,"column":0},"end":{"line":131,"column":37}},"131":{"start":{"line":132,"column":0},"end":{"line":132,"column":38}},"132":{"start":{"line":133,"column":0},"end":{"line":133,"column":0}},"133":{"start":{"line":134,"column":0},"end":{"line":134,"column":51}},"134":{"start":{"line":135,"column":0},"end":{"line":135,"column":8}},"135":{"start":{"line":136,"column":0},"end":{"line":136,"column":0}},"136":{"start":{"line":137,"column":0},"end":{"line":137,"column":39}},"137":{"start":{"line":138,"column":0},"end":{"line":138,"column":44}},"138":{"start":{"line":139,"column":0},"end":{"line":139,"column":6}},"139":{"start":{"line":140,"column":0},"end":{"line":140,"column":0}},"140":{"start":{"line":141,"column":0},"end":{"line":141,"column":54}},"141":{"start":{"line":142,"column":0},"end":{"line":142,"column":18}},"142":{"start":{"line":143,"column":0},"end":{"line":143,"column":59}},"143":{"start":{"line":144,"column":0},"end":{"line":144,"column":52}},"144":{"start":{"line":145,"column":0},"end":{"line":145,"column":6}},"145":{"start":{"line":146,"column":0},"end":{"line":146,"column":37}},"146":{"start":{"line":147,"column":0},"end":{"line":147,"column":0}},"147":{"start":{"line":148,"column":0},"end":{"line":148,"column":73}},"148":{"start":{"line":149,"column":0},"end":{"line":149,"column":96}},"149":{"start":{"line":150,"column":0},"end":{"line":150,"column":83}},"150":{"start":{"line":151,"column":0},"end":{"line":151,"column":0}},"151":{"start":{"line":152,"column":0},"end":{"line":152,"column":30}},"152":{"start":{"line":153,"column":0},"end":{"line":153,"column":1}}},"s":{"0":0,"1":0,"2":0,"3":0,"4":0,"5":0,"6":0,"7":0,"8":0,"9":0,"10":0,"11":0,"12":0,"13":0,"14":0,"15":0,"16":0,"17":0,"18":0,"19":0,"20":0,"21":0,"22":0,"23":0,"24":0,"25":0,"26":0,"27":0,"28":0,"29":0,"30":0,"31":0,"32":0,"33":0,"34":0,"35":0,"36":0,"37":0,"38":0,"39":0,"40":0,"41":0,"42":0,"43":0,"44":0,"45":0,"46":0,"47":0,"48":0,"49":0,"50":0,"51":0,"52":0,"53":0,"54":0,"55":0,"56":0,"57":0,"58":0,"59":0,"60":0,"61":0,"62":0,"63":0,"64":0,"65":0,"66":0,"67":0,"68":0,"69":0,"70":0,"71":0,"72":0,"73":0,"74":0,"75":0,"76":0,"77":0,"78":0,"79":0,"80":0,"81":0,"82":0,"83":0,"84":0,"85":0,"86":0,"87":0,"88":0,"89":0,"90":0,"91":0,"92":0,"93":0,"94":0,"95":0,"96":0,"97":0,"98":0,"99":0,"100":0,"101":0,"102":0,"103":0,"104":0,"105":0,"106":0,"107":0,"108":0,"109":0,"110":0,"111":0,"112":0,"113":0,"114":0,"115":0,"116":0,"117":0,"118":0,"119":0,"120":0,"121":0,"122":0,"123":0,"124":0,"125":0,"126":0,"127":0,"128":0,"129":0,"130":0,"131":0,"132":0,"133":0,"134":0,"135":0,"136":0,"137":0,"138":0,"139":0,"140":0,"141":0,"142":0,"143":0,"144":0,"145":0,"146":0,"147":0,"148":0,"149":0,"150":0,"151":0,"152":0},"branchMap":{"0":{"type":"branch","line":1,"loc":{"start":{"line":1,"column":6213},"end":{"line":153,"column":1}},"locations":[{"start":{"line":1,"column":6213},"end":{"line":153,"column":1}}]}},"b":{"0":[0]},"fnMap":{"0":{"name":"(empty-report)","decl":{"start":{"line":1,"column":6213},"end":{"line":153,"column":1}},"loc":{"start":{"line":1,"column":6213},"end":{"line":153,"column":1}},"line":1}},"f":{"0":0}}
,"C:\\Users\\user\\My Drive\\Documents\\MSC\\Development\\donttouchpurple\\deploy-ready\\services\\firebase.ts": {"path":"C:\\Users\\user\\My Drive\\Documents\\MSC\\Development\\donttouchpurple\\deploy-ready\\services\\firebase.ts","all":true,"statementMap":{"0":{"start":{"line":1,"column":0},"end":{"line":1,"column":50}},"1":{"start":{"line":2,"column":0},"end":{"line":2,"column":0}},"2":{"start":{"line":3,"column":0},"end":{"line":3,"column":25}},"3":{"start":{"line":4,"column":0},"end":{"line":4,"column":52}},"4":{"start":{"line":5,"column":0},"end":{"line":5,"column":50}},"5":{"start":{"line":6,"column":0},"end":{"line":6,"column":33}},"6":{"start":{"line":7,"column":0},"end":{"line":7,"column":57}},"7":{"start":{"line":8,"column":0},"end":{"line":8,"column":35}},"8":{"start":{"line":9,"column":0},"end":{"line":9,"column":52}},"9":{"start":{"line":10,"column":0},"end":{"line":10,"column":32}},"10":{"start":{"line":11,"column":0},"end":{"line":11,"column":2}},"11":{"start":{"line":12,"column":0},"end":{"line":12,"column":0}},"12":{"start":{"line":13,"column":0},"end":{"line":13,"column":27}},"13":{"start":{"line":14,"column":0},"end":{"line":14,"column":0}},"14":{"start":{"line":15,"column":0},"end":{"line":15,"column":15}},"15":{"start":{"line":16,"column":0},"end":{"line":16,"column":34}},"16":{"start":{"line":17,"column":0},"end":{"line":17,"column":52}},"17":{"start":{"line":18,"column":0},"end":{"line":18,"column":0}},"18":{"start":{"line":19,"column":0},"end":{"line":19,"column":35}},"19":{"start":{"line":20,"column":0},"end":{"line":20,"column":16}},"20":{"start":{"line":21,"column":0},"end":{"line":21,"column":19}},"21":{"start":{"line":22,"column":0},"end":{"line":22,"column":15}},"22":{"start":{"line":23,"column":0},"end":{"line":23,"column":29}},"23":{"start":{"line":24,"column":0},"end":{"line":24,"column":17}},"24":{"start":{"line":25,"column":0},"end":{"line":25,"column":1}},"25":{"start":{"line":26,"column":0},"end":{"line":26,"column":0}},"26":{"start":{"line":27,"column":0},"end":{"line":27,"column":41}},"27":{"start":{"line":28,"column":0},"end":{"line":28,"column":16}},"28":{"start":{"line":29,"column":0},"end":{"line":29,"column":19}},"29":{"start":{"line":30,"column":0},"end":{"line":30,"column":15}},"30":{"start":{"line":31,"column":0},"end":{"line":31,"column":29}},"31":{"start":{"line":32,"column":0},"end":{"line":32,"column":17}},"32":{"start":{"line":33,"column":0},"end":{"line":33,"column":1}},"33":{"start":{"line":34,"column":0},"end":{"line":34,"column":0}},"34":{"start":{"line":35,"column":0},"end":{"line":35,"column":45}},"35":{"start":{"line":36,"column":0},"end":{"line":36,"column":28}},"36":{"start":{"line":37,"column":0},"end":{"line":37,"column":36}},"37":{"start":{"line":38,"column":0},"end":{"line":38,"column":7}},"38":{"start":{"line":39,"column":0},"end":{"line":39,"column":68}},"39":{"start":{"line":40,"column":0},"end":{"line":40,"column":64}},"40":{"start":{"line":41,"column":0},"end":{"line":41,"column":81}},"41":{"start":{"line":42,"column":0},"end":{"line":42,"column":35}},"42":{"start":{"line":43,"column":0},"end":{"line":43,"column":22}},"43":{"start":{"line":44,"column":0},"end":{"line":44,"column":19}},"44":{"start":{"line":45,"column":0},"end":{"line":45,"column":55}},"45":{"start":{"line":46,"column":0},"end":{"line":46,"column":43}},"46":{"start":{"line":47,"column":0},"end":{"line":47,"column":9}},"47":{"start":{"line":48,"column":0},"end":{"line":48,"column":51}},"48":{"start":{"line":49,"column":0},"end":{"line":49,"column":79}},"49":{"start":{"line":50,"column":0},"end":{"line":50,"column":14}},"50":{"start":{"line":51,"column":0},"end":{"line":51,"column":16}},"51":{"start":{"line":52,"column":0},"end":{"line":52,"column":3}},"52":{"start":{"line":53,"column":0},"end":{"line":53,"column":1}},"53":{"start":{"line":54,"column":0},"end":{"line":54,"column":0}},"54":{"start":{"line":55,"column":0},"end":{"line":55,"column":39}},"55":{"start":{"line":56,"column":0},"end":{"line":56,"column":26}},"56":{"start":{"line":57,"column":0},"end":{"line":57,"column":18}},"57":{"start":{"line":58,"column":0},"end":{"line":58,"column":27}},"58":{"start":{"line":59,"column":0},"end":{"line":59,"column":18}},"59":{"start":{"line":60,"column":0},"end":{"line":60,"column":63}},"60":{"start":{"line":61,"column":0},"end":{"line":61,"column":24}},"61":{"start":{"line":62,"column":0},"end":{"line":62,"column":4}},"62":{"start":{"line":63,"column":0},"end":{"line":63,"column":81}},"63":{"start":{"line":64,"column":0},"end":{"line":64,"column":1}},"64":{"start":{"line":65,"column":0},"end":{"line":65,"column":0}},"65":{"start":{"line":66,"column":0},"end":{"line":66,"column":79}},"66":{"start":{"line":67,"column":0},"end":{"line":67,"column":27}},"67":{"start":{"line":68,"column":0},"end":{"line":68,"column":36}},"68":{"start":{"line":69,"column":0},"end":{"line":69,"column":70}},"69":{"start":{"line":70,"column":0},"end":{"line":70,"column":24}},"70":{"start":{"line":71,"column":0},"end":{"line":71,"column":4}},"71":{"start":{"line":72,"column":0},"end":{"line":72,"column":84}},"72":{"start":{"line":73,"column":0},"end":{"line":73,"column":32}},"73":{"start":{"line":74,"column":0},"end":{"line":74,"column":38}},"74":{"start":{"line":75,"column":0},"end":{"line":75,"column":28}},"75":{"start":{"line":76,"column":0},"end":{"line":76,"column":12}},"76":{"start":{"line":77,"column":0},"end":{"line":77,"column":29}},"77":{"start":{"line":78,"column":0},"end":{"line":78,"column":39}},"78":{"start":{"line":79,"column":0},"end":{"line":79,"column":28}},"79":{"start":{"line":80,"column":0},"end":{"line":80,"column":35}},"80":{"start":{"line":81,"column":0},"end":{"line":81,"column":30}},"81":{"start":{"line":82,"column":0},"end":{"line":82,"column":6}},"82":{"start":{"line":83,"column":0},"end":{"line":83,"column":5}},"83":{"start":{"line":84,"column":0},"end":{"line":84,"column":1}},"84":{"start":{"line":85,"column":0},"end":{"line":85,"column":0}},"85":{"start":{"line":86,"column":0},"end":{"line":86,"column":77}},"86":{"start":{"line":87,"column":0},"end":{"line":87,"column":27}},"87":{"start":{"line":88,"column":0},"end":{"line":88,"column":18}},"88":{"start":{"line":89,"column":0},"end":{"line":89,"column":56}},"89":{"start":{"line":90,"column":0},"end":{"line":90,"column":24}},"90":{"start":{"line":91,"column":0},"end":{"line":91,"column":4}},"91":{"start":{"line":92,"column":0},"end":{"line":92,"column":84}},"92":{"start":{"line":93,"column":0},"end":{"line":93,"column":1}},"93":{"start":{"line":94,"column":0},"end":{"line":94,"column":0}},"94":{"start":{"line":95,"column":0},"end":{"line":95,"column":73}},"95":{"start":{"line":96,"column":0},"end":{"line":96,"column":27}},"96":{"start":{"line":97,"column":0},"end":{"line":97,"column":20}},"97":{"start":{"line":98,"column":0},"end":{"line":98,"column":7}},"98":{"start":{"line":99,"column":0},"end":{"line":99,"column":79}},"99":{"start":{"line":100,"column":0},"end":{"line":100,"column":26}},"100":{"start":{"line":101,"column":0},"end":{"line":101,"column":6}},"101":{"start":{"line":102,"column":0},"end":{"line":102,"column":98}},"102":{"start":{"line":103,"column":0},"end":{"line":103,"column":20}},"103":{"start":{"line":104,"column":0},"end":{"line":104,"column":34}},"104":{"start":{"line":105,"column":0},"end":{"line":105,"column":38}},"105":{"start":{"line":106,"column":0},"end":{"line":106,"column":30}},"106":{"start":{"line":107,"column":0},"end":{"line":107,"column":15}},"107":{"start":{"line":108,"column":0},"end":{"line":108,"column":6}},"108":{"start":{"line":109,"column":0},"end":{"line":109,"column":34}},"109":{"start":{"line":110,"column":0},"end":{"line":110,"column":75}},"110":{"start":{"line":111,"column":0},"end":{"line":111,"column":60}},"111":{"start":{"line":112,"column":0},"end":{"line":112,"column":87}},"112":{"start":{"line":113,"column":0},"end":{"line":113,"column":11}},"113":{"start":{"line":114,"column":0},"end":{"line":114,"column":13}},"114":{"start":{"line":115,"column":0},"end":{"line":115,"column":3}},"115":{"start":{"line":116,"column":0},"end":{"line":116,"column":1}},"116":{"start":{"line":117,"column":0},"end":{"line":117,"column":0}},"117":{"start":{"line":118,"column":0},"end":{"line":118,"column":65}},"118":{"start":{"line":119,"column":0},"end":{"line":119,"column":47}},"119":{"start":{"line":120,"column":0},"end":{"line":120,"column":0}},"120":{"start":{"line":121,"column":0},"end":{"line":121,"column":28}},"121":{"start":{"line":122,"column":0},"end":{"line":122,"column":0}},"122":{"start":{"line":123,"column":0},"end":{"line":123,"column":47}},"123":{"start":{"line":124,"column":0},"end":{"line":124,"column":38}},"124":{"start":{"line":125,"column":0},"end":{"line":125,"column":75}},"125":{"start":{"line":126,"column":0},"end":{"line":126,"column":57}},"126":{"start":{"line":127,"column":0},"end":{"line":127,"column":47}},"127":{"start":{"line":128,"column":0},"end":{"line":128,"column":21}},"128":{"start":{"line":129,"column":0},"end":{"line":129,"column":1}},"129":{"start":{"line":130,"column":0},"end":{"line":130,"column":0}},"130":{"start":{"line":131,"column":0},"end":{"line":131,"column":39}},"131":{"start":{"line":132,"column":0},"end":{"line":132,"column":7}},"132":{"start":{"line":133,"column":0},"end":{"line":133,"column":32}},"133":{"start":{"line":134,"column":0},"end":{"line":134,"column":39}},"134":{"start":{"line":135,"column":0},"end":{"line":135,"column":14}},"135":{"start":{"line":136,"column":0},"end":{"line":136,"column":98}},"136":{"start":{"line":137,"column":0},"end":{"line":137,"column":36}},"137":{"start":{"line":138,"column":0},"end":{"line":138,"column":5}},"138":{"start":{"line":139,"column":0},"end":{"line":139,"column":14}},"139":{"start":{"line":140,"column":0},"end":{"line":140,"column":11}},"140":{"start":{"line":141,"column":0},"end":{"line":141,"column":98}},"141":{"start":{"line":142,"column":0},"end":{"line":142,"column":3}},"142":{"start":{"line":143,"column":0},"end":{"line":143,"column":1}},"143":{"start":{"line":144,"column":0},"end":{"line":144,"column":0}},"144":{"start":{"line":145,"column":0},"end":{"line":145,"column":84}},"145":{"start":{"line":146,"column":0},"end":{"line":146,"column":7}},"146":{"start":{"line":147,"column":0},"end":{"line":147,"column":50}},"147":{"start":{"line":148,"column":0},"end":{"line":148,"column":39}},"148":{"start":{"line":149,"column":0},"end":{"line":149,"column":66}},"149":{"start":{"line":150,"column":0},"end":{"line":150,"column":64}},"150":{"start":{"line":151,"column":0},"end":{"line":151,"column":39}},"151":{"start":{"line":152,"column":0},"end":{"line":152,"column":11}},"152":{"start":{"line":153,"column":0},"end":{"line":153,"column":36}},"153":{"start":{"line":154,"column":0},"end":{"line":154,"column":3}},"154":{"start":{"line":155,"column":0},"end":{"line":155,"column":1}},"155":{"start":{"line":156,"column":0},"end":{"line":156,"column":0}},"156":{"start":{"line":157,"column":0},"end":{"line":157,"column":43}},"157":{"start":{"line":158,"column":0},"end":{"line":158,"column":7}},"158":{"start":{"line":159,"column":0},"end":{"line":159,"column":57}},"159":{"start":{"line":160,"column":0},"end":{"line":160,"column":23}},"160":{"start":{"line":161,"column":0},"end":{"line":161,"column":38}},"161":{"start":{"line":162,"column":0},"end":{"line":162,"column":23}},"162":{"start":{"line":163,"column":0},"end":{"line":163,"column":1}}},"s":{"0":0,"1":0,"2":0,"3":0,"4":0,"5":0,"6":0,"7":0,"8":0,"9":0,"10":0,"11":0,"12":0,"13":0,"14":0,"15":0,"16":0,"17":0,"18":0,"19":0,"20":0,"21":0,"22":0,"23":0,"24":0,"25":0,"26":0,"27":0,"28":0,"29":0,"30":0,"31":0,"32":0,"33":0,"34":0,"35":0,"36":0,"37":0,"38":0,"39":0,"40":0,"41":0,"42":0,"43":0,"44":0,"45":0,"46":0,"47":0,"48":0,"49":0,"50":0,"51":0,"52":0,"53":0,"54":0,"55":0,"56":0,"57":0,"58":0,"59":0,"60":0,"61":0,"62":0,"63":0,"64":0,"65":0,"66":0,"67":0,"68":0,"69":0,"70":0,"71":0,"72":0,"73":0,"74":0,"75":0,"76":0,"77":0,"78":0,"79":0,"80":0,"81":0,"82":0,"83":0,"84":0,"85":0,"86":0,"87":0,"88":0,"89":0,"90":0,"91":0,"92":0,"93":0,"94":0,"95":0,"96":0,"97":0,"98":0,"99":0,"100":0,"101":0,"102":0,"103":0,"104":0,"105":0,"106":0,"107":0,"108":0,"109":0,"110":0,"111":0,"112":0,"113":0,"114":0,"115":0,"116":0,"117":0,"118":0,"119":0,"120":0,"121":0,"122":0,"123":0,"124":0,"125":0,"126":0,"127":0,"128":0,"129":0,"130":0,"131":0,"132":0,"133":0,"134":0,"135":0,"136":0,"137":0,"138":0,"139":0,"140":0,"141":0,"142":0,"143":0,"144":0,"145":0,"146":0,"147":0,"148":0,"149":0,"150":0,"151":0,"152":0,"153":0,"154":0,"155":0,"156":0,"157":0,"158":0,"159":0,"160":0,"161":0,"162":0},"branchMap":{"0":{"type":"branch","line":1,"loc":{"start":{"line":1,"column":0},"end":{"line":163,"column":-240}},"locations":[{"start":{"line":1,"column":0},"end":{"line":163,"column":-240}}]}},"b":{"0":[0]},"fnMap":{"0":{"name":"(empty-report)","decl":{"start":{"line":1,"column":0},"end":{"line":163,"column":-240}},"loc":{"start":{"line":1,"column":0},"end":{"line":163,"column":-240}},"line":1}},"f":{"0":0}}
}
